[2023-10-11T02:06:42.978+0000] {taskinstance.py:1090} INFO - Dependencies all met for dep_context=non-requeueable deps ti=<TaskInstance: demo.hello scheduled__2023-03-19T00:00:00+00:00 [queued]>
[2023-10-11T02:06:43.000+0000] {taskinstance.py:1090} INFO - Dependencies all met for dep_context=requeueable deps ti=<TaskInstance: demo.hello scheduled__2023-03-19T00:00:00+00:00 [queued]>
[2023-10-11T02:06:43.000+0000] {taskinstance.py:1288} INFO - 
--------------------------------------------------------------------------------
[2023-10-11T02:06:43.000+0000] {taskinstance.py:1289} INFO - Starting attempt 1 of 1
[2023-10-11T02:06:43.001+0000] {taskinstance.py:1290} INFO - 
--------------------------------------------------------------------------------
[2023-10-11T02:06:43.091+0000] {taskinstance.py:1309} INFO - Executing <Task(BashOperator): hello> on 2023-03-19 00:00:00+00:00
[2023-10-11T02:06:43.107+0000] {standard_task_runner.py:55} INFO - Started process 3292 to run task
[2023-10-11T02:06:43.126+0000] {standard_task_runner.py:82} INFO - Running: ['***', 'tasks', 'run', 'demo', 'hello', 'scheduled__2023-03-19T00:00:00+00:00', '--job-id', '893', '--raw', '--subdir', 'DAGS_FOLDER/***_demo.py', '--cfg-path', '/tmp/tmptpbow0n9']
[2023-10-11T02:06:43.160+0000] {standard_task_runner.py:83} INFO - Job 893: Subtask hello
[2023-10-11T02:06:43.386+0000] {task_command.py:389} INFO - Running <TaskInstance: demo.hello scheduled__2023-03-19T00:00:00+00:00 [running]> on host 43f0f000eee2
[2023-10-11T02:06:43.599+0000] {taskinstance.py:1518} INFO - Exporting the following env vars:
AIRFLOW_CTX_DAG_OWNER=***
AIRFLOW_CTX_DAG_ID=demo
AIRFLOW_CTX_TASK_ID=hello
AIRFLOW_CTX_EXECUTION_DATE=2023-03-19T00:00:00+00:00
AIRFLOW_CTX_TRY_NUMBER=1
AIRFLOW_CTX_DAG_RUN_ID=scheduled__2023-03-19T00:00:00+00:00
[2023-10-11T02:06:43.600+0000] {subprocess.py:63} INFO - Tmp dir root location: 
 /tmp
[2023-10-11T02:06:43.601+0000] {subprocess.py:75} INFO - Running command: ['/bin/bash', '-c', 'echo hello']
[2023-10-11T02:06:43.655+0000] {subprocess.py:86} INFO - Output:
[2023-10-11T02:06:43.661+0000] {subprocess.py:93} INFO - hello
[2023-10-11T02:06:43.666+0000] {subprocess.py:97} INFO - Command exited with return code 0
[2023-10-11T02:06:43.700+0000] {taskinstance.py:1332} INFO - Marking task as SUCCESS. dag_id=demo, task_id=hello, execution_date=20230319T000000, start_date=20231011T020642, end_date=20231011T020643
[2023-10-11T02:06:43.735+0000] {local_task_job.py:212} INFO - Task exited with return code 0
[2023-10-11T02:06:43.784+0000] {taskinstance.py:2596} INFO - 1 downstream tasks scheduled from follow-on schedule check
