[2023-10-11T02:02:16.256+0000] {taskinstance.py:1090} INFO - Dependencies all met for dep_context=non-requeueable deps ti=<TaskInstance: tutorial.print_date scheduled__2023-10-10T02:02:01.988916+00:00 [queued]>
[2023-10-11T02:02:16.266+0000] {taskinstance.py:1090} INFO - Dependencies all met for dep_context=requeueable deps ti=<TaskInstance: tutorial.print_date scheduled__2023-10-10T02:02:01.988916+00:00 [queued]>
[2023-10-11T02:02:16.267+0000] {taskinstance.py:1288} INFO - 
--------------------------------------------------------------------------------
[2023-10-11T02:02:16.267+0000] {taskinstance.py:1289} INFO - Starting attempt 1 of 2
[2023-10-11T02:02:16.267+0000] {taskinstance.py:1290} INFO - 
--------------------------------------------------------------------------------
[2023-10-11T02:02:16.286+0000] {taskinstance.py:1309} INFO - Executing <Task(BashOperator): print_date> on 2023-10-10 02:02:01.988916+00:00
[2023-10-11T02:02:16.289+0000] {standard_task_runner.py:55} INFO - Started process 525 to run task
[2023-10-11T02:02:16.298+0000] {standard_task_runner.py:82} INFO - Running: ['***', 'tasks', 'run', 'tutorial', 'print_date', 'scheduled__2023-10-10T02:02:01.988916+00:00', '--job-id', '131', '--raw', '--subdir', '/home/***/.local/lib/python3.7/site-packages/***/example_dags/tutorial.py', '--cfg-path', '/tmp/tmpm8i16ucv']
[2023-10-11T02:02:16.301+0000] {standard_task_runner.py:83} INFO - Job 131: Subtask print_date
[2023-10-11T02:02:16.376+0000] {task_command.py:389} INFO - Running <TaskInstance: tutorial.print_date scheduled__2023-10-10T02:02:01.988916+00:00 [running]> on host 43f0f000eee2
[2023-10-11T02:02:16.455+0000] {taskinstance.py:1518} INFO - Exporting the following env vars:
AIRFLOW_CTX_DAG_EMAIL=***@example.com
AIRFLOW_CTX_DAG_OWNER=***
AIRFLOW_CTX_DAG_ID=tutorial
AIRFLOW_CTX_TASK_ID=print_date
AIRFLOW_CTX_EXECUTION_DATE=2023-10-10T02:02:01.988916+00:00
AIRFLOW_CTX_TRY_NUMBER=1
AIRFLOW_CTX_DAG_RUN_ID=scheduled__2023-10-10T02:02:01.988916+00:00
[2023-10-11T02:02:16.457+0000] {subprocess.py:63} INFO - Tmp dir root location: 
 /tmp
[2023-10-11T02:02:16.457+0000] {subprocess.py:75} INFO - Running command: ['/bin/bash', '-c', 'date']
[2023-10-11T02:02:16.467+0000] {subprocess.py:86} INFO - Output:
[2023-10-11T02:02:16.479+0000] {subprocess.py:93} INFO - Wed Oct 11 02:02:16 UTC 2023
[2023-10-11T02:02:16.479+0000] {subprocess.py:97} INFO - Command exited with return code 0
[2023-10-11T02:02:16.508+0000] {taskinstance.py:1332} INFO - Marking task as SUCCESS. dag_id=tutorial, task_id=print_date, execution_date=20231010T020201, start_date=20231011T020216, end_date=20231011T020216
[2023-10-11T02:02:16.550+0000] {local_task_job.py:212} INFO - Task exited with return code 0
[2023-10-11T02:02:16.570+0000] {taskinstance.py:2596} INFO - 2 downstream tasks scheduled from follow-on schedule check
