[2023-10-11T02:07:01.441+0000] {taskinstance.py:1090} INFO - Dependencies all met for dep_context=non-requeueable deps ti=<TaskInstance: demo.airflow scheduled__2023-04-12T00:00:00+00:00 [queued]>
[2023-10-11T02:07:01.465+0000] {taskinstance.py:1090} INFO - Dependencies all met for dep_context=requeueable deps ti=<TaskInstance: demo.airflow scheduled__2023-04-12T00:00:00+00:00 [queued]>
[2023-10-11T02:07:01.465+0000] {taskinstance.py:1288} INFO - 
--------------------------------------------------------------------------------
[2023-10-11T02:07:01.466+0000] {taskinstance.py:1289} INFO - Starting attempt 1 of 1
[2023-10-11T02:07:01.466+0000] {taskinstance.py:1290} INFO - 
--------------------------------------------------------------------------------
[2023-10-11T02:07:01.497+0000] {taskinstance.py:1309} INFO - Executing <Task(_PythonDecoratedOperator): airflow> on 2023-04-12 00:00:00+00:00
[2023-10-11T02:07:01.504+0000] {standard_task_runner.py:55} INFO - Started process 3493 to run task
[2023-10-11T02:07:01.508+0000] {standard_task_runner.py:82} INFO - Running: ['***', 'tasks', 'run', 'demo', '***', 'scheduled__2023-04-12T00:00:00+00:00', '--job-id', '952', '--raw', '--subdir', 'DAGS_FOLDER/***_demo.py', '--cfg-path', '/tmp/tmp9pmv4qv0']
[2023-10-11T02:07:01.520+0000] {standard_task_runner.py:83} INFO - Job 952: Subtask ***
[2023-10-11T02:07:01.690+0000] {task_command.py:389} INFO - Running <TaskInstance: demo.airflow scheduled__2023-04-12T00:00:00+00:00 [running]> on host 43f0f000eee2
[2023-10-11T02:07:01.793+0000] {taskinstance.py:1518} INFO - Exporting the following env vars:
AIRFLOW_CTX_DAG_OWNER=***
AIRFLOW_CTX_DAG_ID=demo
AIRFLOW_CTX_TASK_ID=***
AIRFLOW_CTX_EXECUTION_DATE=2023-04-12T00:00:00+00:00
AIRFLOW_CTX_TRY_NUMBER=1
AIRFLOW_CTX_DAG_RUN_ID=scheduled__2023-04-12T00:00:00+00:00
[2023-10-11T02:07:01.795+0000] {logging_mixin.py:137} INFO - ***
[2023-10-11T02:07:01.796+0000] {python.py:177} INFO - Done. Returned value was: None
[2023-10-11T02:07:01.806+0000] {taskinstance.py:1332} INFO - Marking task as SUCCESS. dag_id=demo, task_id=***, execution_date=20230412T000000, start_date=20231011T020701, end_date=20231011T020701
[2023-10-11T02:07:01.846+0000] {local_task_job.py:212} INFO - Task exited with return code 0
[2023-10-11T02:07:01.866+0000] {taskinstance.py:2596} INFO - 0 downstream tasks scheduled from follow-on schedule check
