[2023-10-11T02:04:17.202+0000] {taskinstance.py:1090} INFO - Dependencies all met for dep_context=non-requeueable deps ti=<TaskInstance: demo.airflow scheduled__2022-08-25T00:00:00+00:00 [queued]>
[2023-10-11T02:04:17.208+0000] {taskinstance.py:1090} INFO - Dependencies all met for dep_context=requeueable deps ti=<TaskInstance: demo.airflow scheduled__2022-08-25T00:00:00+00:00 [queued]>
[2023-10-11T02:04:17.208+0000] {taskinstance.py:1288} INFO - 
--------------------------------------------------------------------------------
[2023-10-11T02:04:17.209+0000] {taskinstance.py:1289} INFO - Starting attempt 1 of 1
[2023-10-11T02:04:17.209+0000] {taskinstance.py:1290} INFO - 
--------------------------------------------------------------------------------
[2023-10-11T02:04:17.221+0000] {taskinstance.py:1309} INFO - Executing <Task(_PythonDecoratedOperator): airflow> on 2022-08-25 00:00:00+00:00
[2023-10-11T02:04:17.224+0000] {standard_task_runner.py:55} INFO - Started process 1789 to run task
[2023-10-11T02:04:17.227+0000] {standard_task_runner.py:82} INFO - Running: ['***', 'tasks', 'run', 'demo', '***', 'scheduled__2022-08-25T00:00:00+00:00', '--job-id', '479', '--raw', '--subdir', 'DAGS_FOLDER/***_demo.py', '--cfg-path', '/tmp/tmp5hs68_97']
[2023-10-11T02:04:17.229+0000] {standard_task_runner.py:83} INFO - Job 479: Subtask ***
[2023-10-11T02:04:17.309+0000] {task_command.py:389} INFO - Running <TaskInstance: demo.airflow scheduled__2022-08-25T00:00:00+00:00 [running]> on host 43f0f000eee2
[2023-10-11T02:04:17.384+0000] {taskinstance.py:1518} INFO - Exporting the following env vars:
AIRFLOW_CTX_DAG_OWNER=***
AIRFLOW_CTX_DAG_ID=demo
AIRFLOW_CTX_TASK_ID=***
AIRFLOW_CTX_EXECUTION_DATE=2022-08-25T00:00:00+00:00
AIRFLOW_CTX_TRY_NUMBER=1
AIRFLOW_CTX_DAG_RUN_ID=scheduled__2022-08-25T00:00:00+00:00
[2023-10-11T02:04:17.385+0000] {logging_mixin.py:137} INFO - ***
[2023-10-11T02:04:17.386+0000] {python.py:177} INFO - Done. Returned value was: None
[2023-10-11T02:04:17.402+0000] {taskinstance.py:1332} INFO - Marking task as SUCCESS. dag_id=demo, task_id=***, execution_date=20220825T000000, start_date=20231011T020417, end_date=20231011T020417
[2023-10-11T02:04:17.439+0000] {local_task_job.py:212} INFO - Task exited with return code 0
[2023-10-11T02:04:17.460+0000] {taskinstance.py:2596} INFO - 0 downstream tasks scheduled from follow-on schedule check
