[2023-10-11T02:06:24.966+0000] {taskinstance.py:1090} INFO - Dependencies all met for dep_context=non-requeueable deps ti=<TaskInstance: demo.hello scheduled__2023-02-23T00:00:00+00:00 [queued]>
[2023-10-11T02:06:25.014+0000] {taskinstance.py:1090} INFO - Dependencies all met for dep_context=requeueable deps ti=<TaskInstance: demo.hello scheduled__2023-02-23T00:00:00+00:00 [queued]>
[2023-10-11T02:06:25.017+0000] {taskinstance.py:1288} INFO - 
--------------------------------------------------------------------------------
[2023-10-11T02:06:25.018+0000] {taskinstance.py:1289} INFO - Starting attempt 1 of 1
[2023-10-11T02:06:25.018+0000] {taskinstance.py:1290} INFO - 
--------------------------------------------------------------------------------
[2023-10-11T02:06:25.066+0000] {taskinstance.py:1309} INFO - Executing <Task(BashOperator): hello> on 2023-02-23 00:00:00+00:00
[2023-10-11T02:06:25.069+0000] {standard_task_runner.py:55} INFO - Started process 3097 to run task
[2023-10-11T02:06:25.128+0000] {standard_task_runner.py:82} INFO - Running: ['***', 'tasks', 'run', 'demo', 'hello', 'scheduled__2023-02-23T00:00:00+00:00', '--job-id', '839', '--raw', '--subdir', 'DAGS_FOLDER/***_demo.py', '--cfg-path', '/tmp/tmpef7fmemy']
[2023-10-11T02:06:25.131+0000] {standard_task_runner.py:83} INFO - Job 839: Subtask hello
[2023-10-11T02:06:25.299+0000] {task_command.py:389} INFO - Running <TaskInstance: demo.hello scheduled__2023-02-23T00:00:00+00:00 [running]> on host 43f0f000eee2
[2023-10-11T02:06:25.499+0000] {taskinstance.py:1518} INFO - Exporting the following env vars:
AIRFLOW_CTX_DAG_OWNER=***
AIRFLOW_CTX_DAG_ID=demo
AIRFLOW_CTX_TASK_ID=hello
AIRFLOW_CTX_EXECUTION_DATE=2023-02-23T00:00:00+00:00
AIRFLOW_CTX_TRY_NUMBER=1
AIRFLOW_CTX_DAG_RUN_ID=scheduled__2023-02-23T00:00:00+00:00
[2023-10-11T02:06:25.501+0000] {subprocess.py:63} INFO - Tmp dir root location: 
 /tmp
[2023-10-11T02:06:25.502+0000] {subprocess.py:75} INFO - Running command: ['/bin/bash', '-c', 'echo hello']
[2023-10-11T02:06:25.541+0000] {subprocess.py:86} INFO - Output:
[2023-10-11T02:06:25.550+0000] {subprocess.py:93} INFO - hello
[2023-10-11T02:06:25.550+0000] {subprocess.py:97} INFO - Command exited with return code 0
[2023-10-11T02:06:25.595+0000] {taskinstance.py:1332} INFO - Marking task as SUCCESS. dag_id=demo, task_id=hello, execution_date=20230223T000000, start_date=20231011T020624, end_date=20231011T020625
[2023-10-11T02:06:25.660+0000] {local_task_job.py:212} INFO - Task exited with return code 0
[2023-10-11T02:06:25.763+0000] {taskinstance.py:2596} INFO - 0 downstream tasks scheduled from follow-on schedule check
