[2023-10-11T02:05:11.725+0000] {taskinstance.py:1090} INFO - Dependencies all met for dep_context=non-requeueable deps ti=<TaskInstance: demo.airflow scheduled__2022-11-01T00:00:00+00:00 [queued]>
[2023-10-11T02:05:11.766+0000] {taskinstance.py:1090} INFO - Dependencies all met for dep_context=requeueable deps ti=<TaskInstance: demo.airflow scheduled__2022-11-01T00:00:00+00:00 [queued]>
[2023-10-11T02:05:11.766+0000] {taskinstance.py:1288} INFO - 
--------------------------------------------------------------------------------
[2023-10-11T02:05:11.766+0000] {taskinstance.py:1289} INFO - Starting attempt 1 of 1
[2023-10-11T02:05:11.766+0000] {taskinstance.py:1290} INFO - 
--------------------------------------------------------------------------------
[2023-10-11T02:05:11.808+0000] {taskinstance.py:1309} INFO - Executing <Task(_PythonDecoratedOperator): airflow> on 2022-11-01 00:00:00+00:00
[2023-10-11T02:05:11.815+0000] {standard_task_runner.py:55} INFO - Started process 2336 to run task
[2023-10-11T02:05:11.831+0000] {standard_task_runner.py:82} INFO - Running: ['***', 'tasks', 'run', 'demo', '***', 'scheduled__2022-11-01T00:00:00+00:00', '--job-id', '629', '--raw', '--subdir', 'DAGS_FOLDER/***_demo.py', '--cfg-path', '/tmp/tmp_g7hcco9']
[2023-10-11T02:05:11.834+0000] {standard_task_runner.py:83} INFO - Job 629: Subtask ***
[2023-10-11T02:05:12.067+0000] {task_command.py:389} INFO - Running <TaskInstance: demo.airflow scheduled__2022-11-01T00:00:00+00:00 [running]> on host 43f0f000eee2
[2023-10-11T02:05:12.353+0000] {taskinstance.py:1518} INFO - Exporting the following env vars:
AIRFLOW_CTX_DAG_OWNER=***
AIRFLOW_CTX_DAG_ID=demo
AIRFLOW_CTX_TASK_ID=***
AIRFLOW_CTX_EXECUTION_DATE=2022-11-01T00:00:00+00:00
AIRFLOW_CTX_TRY_NUMBER=1
AIRFLOW_CTX_DAG_RUN_ID=scheduled__2022-11-01T00:00:00+00:00
[2023-10-11T02:05:12.355+0000] {logging_mixin.py:137} INFO - ***
[2023-10-11T02:05:12.357+0000] {python.py:177} INFO - Done. Returned value was: None
[2023-10-11T02:05:12.378+0000] {taskinstance.py:1332} INFO - Marking task as SUCCESS. dag_id=demo, task_id=***, execution_date=20221101T000000, start_date=20231011T020511, end_date=20231011T020512
[2023-10-11T02:05:12.477+0000] {local_task_job.py:212} INFO - Task exited with return code 0
[2023-10-11T02:05:12.584+0000] {taskinstance.py:2596} INFO - 0 downstream tasks scheduled from follow-on schedule check
