[2023-10-11T02:08:57.366+0000] {taskinstance.py:1090} INFO - Dependencies all met for dep_context=non-requeueable deps ti=<TaskInstance: demo.hello scheduled__2023-09-26T00:00:00+00:00 [queued]>
[2023-10-11T02:08:57.383+0000] {taskinstance.py:1090} INFO - Dependencies all met for dep_context=requeueable deps ti=<TaskInstance: demo.hello scheduled__2023-09-26T00:00:00+00:00 [queued]>
[2023-10-11T02:08:57.384+0000] {taskinstance.py:1288} INFO - 
--------------------------------------------------------------------------------
[2023-10-11T02:08:57.384+0000] {taskinstance.py:1289} INFO - Starting attempt 1 of 1
[2023-10-11T02:08:57.384+0000] {taskinstance.py:1290} INFO - 
--------------------------------------------------------------------------------
[2023-10-11T02:08:57.403+0000] {taskinstance.py:1309} INFO - Executing <Task(BashOperator): hello> on 2023-09-26 00:00:00+00:00
[2023-10-11T02:08:57.413+0000] {standard_task_runner.py:55} INFO - Started process 4635 to run task
[2023-10-11T02:08:57.427+0000] {standard_task_runner.py:82} INFO - Running: ['***', 'tasks', 'run', 'demo', 'hello', 'scheduled__2023-09-26T00:00:00+00:00', '--job-id', '1264', '--raw', '--subdir', 'DAGS_FOLDER/***_demo.py', '--cfg-path', '/tmp/tmpinl5d37n']
[2023-10-11T02:08:57.469+0000] {standard_task_runner.py:83} INFO - Job 1264: Subtask hello
[2023-10-11T02:08:57.638+0000] {task_command.py:389} INFO - Running <TaskInstance: demo.hello scheduled__2023-09-26T00:00:00+00:00 [running]> on host 43f0f000eee2
[2023-10-11T02:08:57.859+0000] {taskinstance.py:1518} INFO - Exporting the following env vars:
AIRFLOW_CTX_DAG_OWNER=***
AIRFLOW_CTX_DAG_ID=demo
AIRFLOW_CTX_TASK_ID=hello
AIRFLOW_CTX_EXECUTION_DATE=2023-09-26T00:00:00+00:00
AIRFLOW_CTX_TRY_NUMBER=1
AIRFLOW_CTX_DAG_RUN_ID=scheduled__2023-09-26T00:00:00+00:00
[2023-10-11T02:08:57.871+0000] {subprocess.py:63} INFO - Tmp dir root location: 
 /tmp
[2023-10-11T02:08:57.876+0000] {subprocess.py:75} INFO - Running command: ['/bin/bash', '-c', 'echo hello']
[2023-10-11T02:08:57.903+0000] {subprocess.py:86} INFO - Output:
[2023-10-11T02:08:57.943+0000] {subprocess.py:93} INFO - hello
[2023-10-11T02:08:57.944+0000] {subprocess.py:97} INFO - Command exited with return code 0
[2023-10-11T02:08:58.010+0000] {taskinstance.py:1332} INFO - Marking task as SUCCESS. dag_id=demo, task_id=hello, execution_date=20230926T000000, start_date=20231011T020857, end_date=20231011T020858
[2023-10-11T02:08:58.090+0000] {local_task_job.py:212} INFO - Task exited with return code 0
[2023-10-11T02:08:58.133+0000] {taskinstance.py:2596} INFO - 1 downstream tasks scheduled from follow-on schedule check
