[2023-10-11T02:02:11.190+0000] {taskinstance.py:1090} INFO - Dependencies all met for dep_context=non-requeueable deps ti=<TaskInstance: demo.hello scheduled__2022-02-24T00:00:00+00:00 [queued]>
[2023-10-11T02:02:11.222+0000] {taskinstance.py:1090} INFO - Dependencies all met for dep_context=requeueable deps ti=<TaskInstance: demo.hello scheduled__2022-02-24T00:00:00+00:00 [queued]>
[2023-10-11T02:02:11.222+0000] {taskinstance.py:1288} INFO - 
--------------------------------------------------------------------------------
[2023-10-11T02:02:11.227+0000] {taskinstance.py:1289} INFO - Starting attempt 1 of 1
[2023-10-11T02:02:11.229+0000] {taskinstance.py:1290} INFO - 
--------------------------------------------------------------------------------
[2023-10-11T02:02:11.279+0000] {taskinstance.py:1309} INFO - Executing <Task(BashOperator): hello> on 2022-02-24 00:00:00+00:00
[2023-10-11T02:02:11.289+0000] {standard_task_runner.py:55} INFO - Started process 454 to run task
[2023-10-11T02:02:11.346+0000] {standard_task_runner.py:82} INFO - Running: ['***', 'tasks', 'run', 'demo', 'hello', 'scheduled__2022-02-24T00:00:00+00:00', '--job-id', '107', '--raw', '--subdir', 'DAGS_FOLDER/***_demo.py', '--cfg-path', '/tmp/tmpx4sjvrp7']
[2023-10-11T02:02:11.366+0000] {standard_task_runner.py:83} INFO - Job 107: Subtask hello
[2023-10-11T02:02:11.561+0000] {task_command.py:389} INFO - Running <TaskInstance: demo.hello scheduled__2022-02-24T00:00:00+00:00 [running]> on host 43f0f000eee2
[2023-10-11T02:02:11.787+0000] {taskinstance.py:1518} INFO - Exporting the following env vars:
AIRFLOW_CTX_DAG_OWNER=***
AIRFLOW_CTX_DAG_ID=demo
AIRFLOW_CTX_TASK_ID=hello
AIRFLOW_CTX_EXECUTION_DATE=2022-02-24T00:00:00+00:00
AIRFLOW_CTX_TRY_NUMBER=1
AIRFLOW_CTX_DAG_RUN_ID=scheduled__2022-02-24T00:00:00+00:00
[2023-10-11T02:02:11.791+0000] {subprocess.py:63} INFO - Tmp dir root location: 
 /tmp
[2023-10-11T02:02:11.792+0000] {subprocess.py:75} INFO - Running command: ['/bin/bash', '-c', 'echo hello']
[2023-10-11T02:02:11.861+0000] {subprocess.py:86} INFO - Output:
[2023-10-11T02:02:11.871+0000] {subprocess.py:93} INFO - hello
[2023-10-11T02:02:11.871+0000] {subprocess.py:97} INFO - Command exited with return code 0
[2023-10-11T02:02:11.910+0000] {taskinstance.py:1332} INFO - Marking task as SUCCESS. dag_id=demo, task_id=hello, execution_date=20220224T000000, start_date=20231011T020211, end_date=20231011T020211
[2023-10-11T02:02:12.001+0000] {local_task_job.py:212} INFO - Task exited with return code 0
[2023-10-11T02:02:12.058+0000] {taskinstance.py:2596} INFO - 0 downstream tasks scheduled from follow-on schedule check
