[2023-10-11T02:05:39.013+0000] {taskinstance.py:1090} INFO - Dependencies all met for dep_context=non-requeueable deps ti=<TaskInstance: demo.airflow scheduled__2022-12-11T00:00:00+00:00 [queued]>
[2023-10-11T02:05:39.036+0000] {taskinstance.py:1090} INFO - Dependencies all met for dep_context=requeueable deps ti=<TaskInstance: demo.airflow scheduled__2022-12-11T00:00:00+00:00 [queued]>
[2023-10-11T02:05:39.036+0000] {taskinstance.py:1288} INFO - 
--------------------------------------------------------------------------------
[2023-10-11T02:05:39.036+0000] {taskinstance.py:1289} INFO - Starting attempt 1 of 1
[2023-10-11T02:05:39.039+0000] {taskinstance.py:1290} INFO - 
--------------------------------------------------------------------------------
[2023-10-11T02:05:39.062+0000] {taskinstance.py:1309} INFO - Executing <Task(_PythonDecoratedOperator): airflow> on 2022-12-11 00:00:00+00:00
[2023-10-11T02:05:39.069+0000] {standard_task_runner.py:55} INFO - Started process 2605 to run task
[2023-10-11T02:05:39.078+0000] {standard_task_runner.py:82} INFO - Running: ['***', 'tasks', 'run', 'demo', '***', 'scheduled__2022-12-11T00:00:00+00:00', '--job-id', '704', '--raw', '--subdir', 'DAGS_FOLDER/***_demo.py', '--cfg-path', '/tmp/tmpo48410l2']
[2023-10-11T02:05:39.080+0000] {standard_task_runner.py:83} INFO - Job 704: Subtask ***
[2023-10-11T02:05:39.254+0000] {task_command.py:389} INFO - Running <TaskInstance: demo.airflow scheduled__2022-12-11T00:00:00+00:00 [running]> on host 43f0f000eee2
[2023-10-11T02:05:39.352+0000] {taskinstance.py:1518} INFO - Exporting the following env vars:
AIRFLOW_CTX_DAG_OWNER=***
AIRFLOW_CTX_DAG_ID=demo
AIRFLOW_CTX_TASK_ID=***
AIRFLOW_CTX_EXECUTION_DATE=2022-12-11T00:00:00+00:00
AIRFLOW_CTX_TRY_NUMBER=1
AIRFLOW_CTX_DAG_RUN_ID=scheduled__2022-12-11T00:00:00+00:00
[2023-10-11T02:05:39.353+0000] {logging_mixin.py:137} INFO - ***
[2023-10-11T02:05:39.354+0000] {python.py:177} INFO - Done. Returned value was: None
[2023-10-11T02:05:39.364+0000] {taskinstance.py:1332} INFO - Marking task as SUCCESS. dag_id=demo, task_id=***, execution_date=20221211T000000, start_date=20231011T020539, end_date=20231011T020539
[2023-10-11T02:05:39.409+0000] {local_task_job.py:212} INFO - Task exited with return code 0
[2023-10-11T02:05:39.434+0000] {taskinstance.py:2596} INFO - 0 downstream tasks scheduled from follow-on schedule check
