[2023-10-11T02:05:00.496+0000] {taskinstance.py:1090} INFO - Dependencies all met for dep_context=non-requeueable deps ti=<TaskInstance: demo.airflow scheduled__2022-10-21T00:00:00+00:00 [queued]>
[2023-10-11T02:05:00.518+0000] {taskinstance.py:1090} INFO - Dependencies all met for dep_context=requeueable deps ti=<TaskInstance: demo.airflow scheduled__2022-10-21T00:00:00+00:00 [queued]>
[2023-10-11T02:05:00.519+0000] {taskinstance.py:1288} INFO - 
--------------------------------------------------------------------------------
[2023-10-11T02:05:00.519+0000] {taskinstance.py:1289} INFO - Starting attempt 1 of 1
[2023-10-11T02:05:00.525+0000] {taskinstance.py:1290} INFO - 
--------------------------------------------------------------------------------
[2023-10-11T02:05:00.617+0000] {taskinstance.py:1309} INFO - Executing <Task(_PythonDecoratedOperator): airflow> on 2022-10-21 00:00:00+00:00
[2023-10-11T02:05:00.638+0000] {standard_task_runner.py:55} INFO - Started process 2241 to run task
[2023-10-11T02:05:00.668+0000] {standard_task_runner.py:82} INFO - Running: ['***', 'tasks', 'run', 'demo', '***', 'scheduled__2022-10-21T00:00:00+00:00', '--job-id', '602', '--raw', '--subdir', 'DAGS_FOLDER/***_demo.py', '--cfg-path', '/tmp/tmp26eo5d6n']
[2023-10-11T02:05:00.683+0000] {standard_task_runner.py:83} INFO - Job 602: Subtask ***
[2023-10-11T02:05:00.899+0000] {task_command.py:389} INFO - Running <TaskInstance: demo.airflow scheduled__2022-10-21T00:00:00+00:00 [running]> on host 43f0f000eee2
[2023-10-11T02:05:01.043+0000] {taskinstance.py:1518} INFO - Exporting the following env vars:
AIRFLOW_CTX_DAG_OWNER=***
AIRFLOW_CTX_DAG_ID=demo
AIRFLOW_CTX_TASK_ID=***
AIRFLOW_CTX_EXECUTION_DATE=2022-10-21T00:00:00+00:00
AIRFLOW_CTX_TRY_NUMBER=1
AIRFLOW_CTX_DAG_RUN_ID=scheduled__2022-10-21T00:00:00+00:00
[2023-10-11T02:05:01.044+0000] {logging_mixin.py:137} INFO - ***
[2023-10-11T02:05:01.045+0000] {python.py:177} INFO - Done. Returned value was: None
[2023-10-11T02:05:01.060+0000] {taskinstance.py:1332} INFO - Marking task as SUCCESS. dag_id=demo, task_id=***, execution_date=20221021T000000, start_date=20231011T020500, end_date=20231011T020501
[2023-10-11T02:05:01.114+0000] {local_task_job.py:212} INFO - Task exited with return code 0
[2023-10-11T02:05:01.149+0000] {taskinstance.py:2596} INFO - 0 downstream tasks scheduled from follow-on schedule check
