[2023-10-11T02:07:42.238+0000] {taskinstance.py:1090} INFO - Dependencies all met for dep_context=non-requeueable deps ti=<TaskInstance: demo.hello scheduled__2023-06-09T00:00:00+00:00 [queued]>
[2023-10-11T02:07:42.273+0000] {taskinstance.py:1090} INFO - Dependencies all met for dep_context=requeueable deps ti=<TaskInstance: demo.hello scheduled__2023-06-09T00:00:00+00:00 [queued]>
[2023-10-11T02:07:42.275+0000] {taskinstance.py:1288} INFO - 
--------------------------------------------------------------------------------
[2023-10-11T02:07:42.275+0000] {taskinstance.py:1289} INFO - Starting attempt 1 of 1
[2023-10-11T02:07:42.275+0000] {taskinstance.py:1290} INFO - 
--------------------------------------------------------------------------------
[2023-10-11T02:07:42.303+0000] {taskinstance.py:1309} INFO - Executing <Task(BashOperator): hello> on 2023-06-09 00:00:00+00:00
[2023-10-11T02:07:42.315+0000] {standard_task_runner.py:55} INFO - Started process 3866 to run task
[2023-10-11T02:07:42.331+0000] {standard_task_runner.py:82} INFO - Running: ['***', 'tasks', 'run', 'demo', 'hello', 'scheduled__2023-06-09T00:00:00+00:00', '--job-id', '1054', '--raw', '--subdir', 'DAGS_FOLDER/***_demo.py', '--cfg-path', '/tmp/tmpvihbvq2o']
[2023-10-11T02:07:42.335+0000] {standard_task_runner.py:83} INFO - Job 1054: Subtask hello
[2023-10-11T02:07:42.469+0000] {task_command.py:389} INFO - Running <TaskInstance: demo.hello scheduled__2023-06-09T00:00:00+00:00 [running]> on host 43f0f000eee2
[2023-10-11T02:07:42.612+0000] {taskinstance.py:1518} INFO - Exporting the following env vars:
AIRFLOW_CTX_DAG_OWNER=***
AIRFLOW_CTX_DAG_ID=demo
AIRFLOW_CTX_TASK_ID=hello
AIRFLOW_CTX_EXECUTION_DATE=2023-06-09T00:00:00+00:00
AIRFLOW_CTX_TRY_NUMBER=1
AIRFLOW_CTX_DAG_RUN_ID=scheduled__2023-06-09T00:00:00+00:00
[2023-10-11T02:07:42.613+0000] {subprocess.py:63} INFO - Tmp dir root location: 
 /tmp
[2023-10-11T02:07:42.614+0000] {subprocess.py:75} INFO - Running command: ['/bin/bash', '-c', 'echo hello']
[2023-10-11T02:07:42.644+0000] {subprocess.py:86} INFO - Output:
[2023-10-11T02:07:42.645+0000] {subprocess.py:93} INFO - hello
[2023-10-11T02:07:42.645+0000] {subprocess.py:97} INFO - Command exited with return code 0
[2023-10-11T02:07:42.694+0000] {taskinstance.py:1332} INFO - Marking task as SUCCESS. dag_id=demo, task_id=hello, execution_date=20230609T000000, start_date=20231011T020742, end_date=20231011T020742
[2023-10-11T02:07:42.737+0000] {local_task_job.py:212} INFO - Task exited with return code 0
[2023-10-11T02:07:42.784+0000] {taskinstance.py:2596} INFO - 1 downstream tasks scheduled from follow-on schedule check
