[2023-10-11T02:01:36.885+0000] {taskinstance.py:1090} INFO - Dependencies all met for dep_context=non-requeueable deps ti=<TaskInstance: demo.airflow scheduled__2022-01-09T00:00:00+00:00 [queued]>
[2023-10-11T02:01:36.918+0000] {taskinstance.py:1090} INFO - Dependencies all met for dep_context=requeueable deps ti=<TaskInstance: demo.airflow scheduled__2022-01-09T00:00:00+00:00 [queued]>
[2023-10-11T02:01:36.919+0000] {taskinstance.py:1288} INFO - 
--------------------------------------------------------------------------------
[2023-10-11T02:01:36.920+0000] {taskinstance.py:1289} INFO - Starting attempt 1 of 1
[2023-10-11T02:01:36.920+0000] {taskinstance.py:1290} INFO - 
--------------------------------------------------------------------------------
[2023-10-11T02:01:36.951+0000] {taskinstance.py:1309} INFO - Executing <Task(_PythonDecoratedOperator): airflow> on 2022-01-09 00:00:00+00:00
[2023-10-11T02:01:36.959+0000] {standard_task_runner.py:55} INFO - Started process 166 to run task
[2023-10-11T02:01:36.971+0000] {standard_task_runner.py:82} INFO - Running: ['***', 'tasks', 'run', 'demo', '***', 'scheduled__2022-01-09T00:00:00+00:00', '--job-id', '28', '--raw', '--subdir', 'DAGS_FOLDER/***_demo.py', '--cfg-path', '/tmp/tmpeev0i3sx']
[2023-10-11T02:01:36.977+0000] {standard_task_runner.py:83} INFO - Job 28: Subtask ***
[2023-10-11T02:01:37.127+0000] {task_command.py:389} INFO - Running <TaskInstance: demo.airflow scheduled__2022-01-09T00:00:00+00:00 [running]> on host 43f0f000eee2
[2023-10-11T02:01:37.306+0000] {taskinstance.py:1518} INFO - Exporting the following env vars:
AIRFLOW_CTX_DAG_OWNER=***
AIRFLOW_CTX_DAG_ID=demo
AIRFLOW_CTX_TASK_ID=***
AIRFLOW_CTX_EXECUTION_DATE=2022-01-09T00:00:00+00:00
AIRFLOW_CTX_TRY_NUMBER=1
AIRFLOW_CTX_DAG_RUN_ID=scheduled__2022-01-09T00:00:00+00:00
[2023-10-11T02:01:37.308+0000] {logging_mixin.py:137} INFO - ***
[2023-10-11T02:01:37.312+0000] {python.py:177} INFO - Done. Returned value was: None
[2023-10-11T02:01:37.334+0000] {taskinstance.py:1332} INFO - Marking task as SUCCESS. dag_id=demo, task_id=***, execution_date=20220109T000000, start_date=20231011T020136, end_date=20231011T020137
[2023-10-11T02:01:37.376+0000] {local_task_job.py:212} INFO - Task exited with return code 0
[2023-10-11T02:01:37.404+0000] {taskinstance.py:2596} INFO - 0 downstream tasks scheduled from follow-on schedule check
