[2023-10-11T02:01:29.395+0000] {taskinstance.py:1090} INFO - Dependencies all met for dep_context=non-requeueable deps ti=<TaskInstance: demo.hello scheduled__2022-01-05T00:00:00+00:00 [queued]>
[2023-10-11T02:01:29.485+0000] {taskinstance.py:1090} INFO - Dependencies all met for dep_context=requeueable deps ti=<TaskInstance: demo.hello scheduled__2022-01-05T00:00:00+00:00 [queued]>
[2023-10-11T02:01:29.485+0000] {taskinstance.py:1288} INFO - 
--------------------------------------------------------------------------------
[2023-10-11T02:01:29.504+0000] {taskinstance.py:1289} INFO - Starting attempt 1 of 1
[2023-10-11T02:01:29.504+0000] {taskinstance.py:1290} INFO - 
--------------------------------------------------------------------------------
[2023-10-11T02:01:29.656+0000] {taskinstance.py:1309} INFO - Executing <Task(BashOperator): hello> on 2022-01-05 00:00:00+00:00
[2023-10-11T02:01:29.671+0000] {standard_task_runner.py:55} INFO - Started process 98 to run task
[2023-10-11T02:01:29.733+0000] {standard_task_runner.py:82} INFO - Running: ['***', 'tasks', 'run', 'demo', 'hello', 'scheduled__2022-01-05T00:00:00+00:00', '--job-id', '10', '--raw', '--subdir', 'DAGS_FOLDER/***_demo.py', '--cfg-path', '/tmp/tmpnznjr6xq']
[2023-10-11T02:01:29.736+0000] {standard_task_runner.py:83} INFO - Job 10: Subtask hello
[2023-10-11T02:01:30.456+0000] {task_command.py:389} INFO - Running <TaskInstance: demo.hello scheduled__2022-01-05T00:00:00+00:00 [running]> on host 43f0f000eee2
[2023-10-11T02:01:30.988+0000] {taskinstance.py:1518} INFO - Exporting the following env vars:
AIRFLOW_CTX_DAG_OWNER=***
AIRFLOW_CTX_DAG_ID=demo
AIRFLOW_CTX_TASK_ID=hello
AIRFLOW_CTX_EXECUTION_DATE=2022-01-05T00:00:00+00:00
AIRFLOW_CTX_TRY_NUMBER=1
AIRFLOW_CTX_DAG_RUN_ID=scheduled__2022-01-05T00:00:00+00:00
[2023-10-11T02:01:30.989+0000] {subprocess.py:63} INFO - Tmp dir root location: 
 /tmp
[2023-10-11T02:01:30.990+0000] {subprocess.py:75} INFO - Running command: ['/bin/bash', '-c', 'echo hello']
[2023-10-11T02:01:31.047+0000] {subprocess.py:86} INFO - Output:
[2023-10-11T02:01:31.123+0000] {subprocess.py:93} INFO - hello
[2023-10-11T02:01:31.125+0000] {subprocess.py:97} INFO - Command exited with return code 0
[2023-10-11T02:01:31.188+0000] {taskinstance.py:1332} INFO - Marking task as SUCCESS. dag_id=demo, task_id=hello, execution_date=20220105T000000, start_date=20231011T020129, end_date=20231011T020131
[2023-10-11T02:01:31.295+0000] {local_task_job.py:212} INFO - Task exited with return code 0
[2023-10-11T02:01:31.440+0000] {taskinstance.py:2596} INFO - 1 downstream tasks scheduled from follow-on schedule check
