[2023-10-11T02:08:39.008+0000] {taskinstance.py:1090} INFO - Dependencies all met for dep_context=non-requeueable deps ti=<TaskInstance: demo.hello scheduled__2023-08-28T00:00:00+00:00 [queued]>
[2023-10-11T02:08:39.019+0000] {taskinstance.py:1090} INFO - Dependencies all met for dep_context=requeueable deps ti=<TaskInstance: demo.hello scheduled__2023-08-28T00:00:00+00:00 [queued]>
[2023-10-11T02:08:39.019+0000] {taskinstance.py:1288} INFO - 
--------------------------------------------------------------------------------
[2023-10-11T02:08:39.019+0000] {taskinstance.py:1289} INFO - Starting attempt 1 of 1
[2023-10-11T02:08:39.020+0000] {taskinstance.py:1290} INFO - 
--------------------------------------------------------------------------------
[2023-10-11T02:08:39.054+0000] {taskinstance.py:1309} INFO - Executing <Task(BashOperator): hello> on 2023-08-28 00:00:00+00:00
[2023-10-11T02:08:39.058+0000] {standard_task_runner.py:55} INFO - Started process 4451 to run task
[2023-10-11T02:08:39.069+0000] {standard_task_runner.py:82} INFO - Running: ['***', 'tasks', 'run', 'demo', 'hello', 'scheduled__2023-08-28T00:00:00+00:00', '--job-id', '1215', '--raw', '--subdir', 'DAGS_FOLDER/***_demo.py', '--cfg-path', '/tmp/tmp5mq0e9e0']
[2023-10-11T02:08:39.071+0000] {standard_task_runner.py:83} INFO - Job 1215: Subtask hello
[2023-10-11T02:08:39.210+0000] {task_command.py:389} INFO - Running <TaskInstance: demo.hello scheduled__2023-08-28T00:00:00+00:00 [running]> on host 43f0f000eee2
[2023-10-11T02:08:39.332+0000] {taskinstance.py:1518} INFO - Exporting the following env vars:
AIRFLOW_CTX_DAG_OWNER=***
AIRFLOW_CTX_DAG_ID=demo
AIRFLOW_CTX_TASK_ID=hello
AIRFLOW_CTX_EXECUTION_DATE=2023-08-28T00:00:00+00:00
AIRFLOW_CTX_TRY_NUMBER=1
AIRFLOW_CTX_DAG_RUN_ID=scheduled__2023-08-28T00:00:00+00:00
[2023-10-11T02:08:39.333+0000] {subprocess.py:63} INFO - Tmp dir root location: 
 /tmp
[2023-10-11T02:08:39.333+0000] {subprocess.py:75} INFO - Running command: ['/bin/bash', '-c', 'echo hello']
[2023-10-11T02:08:39.400+0000] {subprocess.py:86} INFO - Output:
[2023-10-11T02:08:39.406+0000] {subprocess.py:93} INFO - hello
[2023-10-11T02:08:39.406+0000] {subprocess.py:97} INFO - Command exited with return code 0
[2023-10-11T02:08:39.464+0000] {taskinstance.py:1332} INFO - Marking task as SUCCESS. dag_id=demo, task_id=hello, execution_date=20230828T000000, start_date=20231011T020839, end_date=20231011T020839
[2023-10-11T02:08:39.587+0000] {local_task_job.py:212} INFO - Task exited with return code 0
[2023-10-11T02:08:39.678+0000] {taskinstance.py:2596} INFO - 1 downstream tasks scheduled from follow-on schedule check
