[2023-10-11T04:31:52.149+0000] {taskinstance.py:1090} INFO - Dependencies all met for dep_context=non-requeueable deps ti=<TaskInstance: tutorial_taskflow_api.load manual__2023-10-11T04:31:48.273583+00:00 [queued]>
[2023-10-11T04:31:52.156+0000] {taskinstance.py:1090} INFO - Dependencies all met for dep_context=requeueable deps ti=<TaskInstance: tutorial_taskflow_api.load manual__2023-10-11T04:31:48.273583+00:00 [queued]>
[2023-10-11T04:31:52.156+0000] {taskinstance.py:1288} INFO - 
--------------------------------------------------------------------------------
[2023-10-11T04:31:52.156+0000] {taskinstance.py:1289} INFO - Starting attempt 1 of 1
[2023-10-11T04:31:52.156+0000] {taskinstance.py:1290} INFO - 
--------------------------------------------------------------------------------
[2023-10-11T04:31:52.166+0000] {taskinstance.py:1309} INFO - Executing <Task(_PythonDecoratedOperator): load> on 2023-10-11 04:31:48.273583+00:00
[2023-10-11T04:31:52.169+0000] {standard_task_runner.py:55} INFO - Started process 105 to run task
[2023-10-11T04:31:52.173+0000] {standard_task_runner.py:82} INFO - Running: ['***', 'tasks', 'run', 'tutorial_taskflow_api', 'load', 'manual__2023-10-11T04:31:48.273583+00:00', '--job-id', '1308', '--raw', '--subdir', '/home/***/.local/lib/python3.7/site-packages/***/example_dags/tutorial_taskflow_api.py', '--cfg-path', '/tmp/tmpqswd7xv8']
[2023-10-11T04:31:52.174+0000] {standard_task_runner.py:83} INFO - Job 1308: Subtask load
[2023-10-11T04:31:52.232+0000] {task_command.py:389} INFO - Running <TaskInstance: tutorial_taskflow_api.load manual__2023-10-11T04:31:48.273583+00:00 [running]> on host 73f82146eeb0
[2023-10-11T04:31:52.297+0000] {taskinstance.py:1518} INFO - Exporting the following env vars:
AIRFLOW_CTX_DAG_OWNER=***
AIRFLOW_CTX_DAG_ID=tutorial_taskflow_api
AIRFLOW_CTX_TASK_ID=load
AIRFLOW_CTX_EXECUTION_DATE=2023-10-11T04:31:48.273583+00:00
AIRFLOW_CTX_TRY_NUMBER=1
AIRFLOW_CTX_DAG_RUN_ID=manual__2023-10-11T04:31:48.273583+00:00
[2023-10-11T04:31:52.298+0000] {logging_mixin.py:137} INFO - Total order value is: 1236.70
[2023-10-11T04:31:52.299+0000] {python.py:177} INFO - Done. Returned value was: None
[2023-10-11T04:31:52.308+0000] {taskinstance.py:1332} INFO - Marking task as SUCCESS. dag_id=tutorial_taskflow_api, task_id=load, execution_date=20231011T043148, start_date=20231011T043152, end_date=20231011T043152
[2023-10-11T04:31:52.342+0000] {local_task_job.py:212} INFO - Task exited with return code 0
[2023-10-11T04:31:52.360+0000] {taskinstance.py:2596} INFO - 0 downstream tasks scheduled from follow-on schedule check
