[2023-10-11T02:06:56.542+0000] {taskinstance.py:1090} INFO - Dependencies all met for dep_context=non-requeueable deps ti=<TaskInstance: demo.hello scheduled__2023-04-09T00:00:00+00:00 [queued]>
[2023-10-11T02:06:56.586+0000] {taskinstance.py:1090} INFO - Dependencies all met for dep_context=requeueable deps ti=<TaskInstance: demo.hello scheduled__2023-04-09T00:00:00+00:00 [queued]>
[2023-10-11T02:06:56.588+0000] {taskinstance.py:1288} INFO - 
--------------------------------------------------------------------------------
[2023-10-11T02:06:56.588+0000] {taskinstance.py:1289} INFO - Starting attempt 1 of 1
[2023-10-11T02:06:56.588+0000] {taskinstance.py:1290} INFO - 
--------------------------------------------------------------------------------
[2023-10-11T02:06:56.670+0000] {taskinstance.py:1309} INFO - Executing <Task(BashOperator): hello> on 2023-04-09 00:00:00+00:00
[2023-10-11T02:06:56.698+0000] {standard_task_runner.py:55} INFO - Started process 3426 to run task
[2023-10-11T02:06:56.708+0000] {standard_task_runner.py:82} INFO - Running: ['***', 'tasks', 'run', 'demo', 'hello', 'scheduled__2023-04-09T00:00:00+00:00', '--job-id', '928', '--raw', '--subdir', 'DAGS_FOLDER/***_demo.py', '--cfg-path', '/tmp/tmp32rb04c3']
[2023-10-11T02:06:56.716+0000] {standard_task_runner.py:83} INFO - Job 928: Subtask hello
[2023-10-11T02:06:56.886+0000] {task_command.py:389} INFO - Running <TaskInstance: demo.hello scheduled__2023-04-09T00:00:00+00:00 [running]> on host 43f0f000eee2
[2023-10-11T02:06:57.300+0000] {taskinstance.py:1518} INFO - Exporting the following env vars:
AIRFLOW_CTX_DAG_OWNER=***
AIRFLOW_CTX_DAG_ID=demo
AIRFLOW_CTX_TASK_ID=hello
AIRFLOW_CTX_EXECUTION_DATE=2023-04-09T00:00:00+00:00
AIRFLOW_CTX_TRY_NUMBER=1
AIRFLOW_CTX_DAG_RUN_ID=scheduled__2023-04-09T00:00:00+00:00
[2023-10-11T02:06:57.330+0000] {subprocess.py:63} INFO - Tmp dir root location: 
 /tmp
[2023-10-11T02:06:57.331+0000] {subprocess.py:75} INFO - Running command: ['/bin/bash', '-c', 'echo hello']
[2023-10-11T02:06:57.380+0000] {subprocess.py:86} INFO - Output:
[2023-10-11T02:06:57.409+0000] {subprocess.py:93} INFO - hello
[2023-10-11T02:06:57.411+0000] {subprocess.py:97} INFO - Command exited with return code 0
[2023-10-11T02:06:57.442+0000] {taskinstance.py:1332} INFO - Marking task as SUCCESS. dag_id=demo, task_id=hello, execution_date=20230409T000000, start_date=20231011T020656, end_date=20231011T020657
[2023-10-11T02:06:57.519+0000] {local_task_job.py:212} INFO - Task exited with return code 0
[2023-10-11T02:06:57.635+0000] {taskinstance.py:2596} INFO - 0 downstream tasks scheduled from follow-on schedule check
