[2023-10-11T02:08:42.935+0000] {taskinstance.py:1090} INFO - Dependencies all met for dep_context=non-requeueable deps ti=<TaskInstance: demo.airflow scheduled__2023-08-29T00:00:00+00:00 [queued]>
[2023-10-11T02:08:42.971+0000] {taskinstance.py:1090} INFO - Dependencies all met for dep_context=requeueable deps ti=<TaskInstance: demo.airflow scheduled__2023-08-29T00:00:00+00:00 [queued]>
[2023-10-11T02:08:42.981+0000] {taskinstance.py:1288} INFO - 
--------------------------------------------------------------------------------
[2023-10-11T02:08:42.982+0000] {taskinstance.py:1289} INFO - Starting attempt 1 of 1
[2023-10-11T02:08:42.982+0000] {taskinstance.py:1290} INFO - 
--------------------------------------------------------------------------------
[2023-10-11T02:08:43.102+0000] {taskinstance.py:1309} INFO - Executing <Task(_PythonDecoratedOperator): airflow> on 2023-08-29 00:00:00+00:00
[2023-10-11T02:08:43.106+0000] {standard_task_runner.py:55} INFO - Started process 4504 to run task
[2023-10-11T02:08:43.122+0000] {standard_task_runner.py:82} INFO - Running: ['***', 'tasks', 'run', 'demo', '***', 'scheduled__2023-08-29T00:00:00+00:00', '--job-id', '1226', '--raw', '--subdir', 'DAGS_FOLDER/***_demo.py', '--cfg-path', '/tmp/tmpxuw4c_5r']
[2023-10-11T02:08:43.133+0000] {standard_task_runner.py:83} INFO - Job 1226: Subtask ***
[2023-10-11T02:08:43.325+0000] {task_command.py:389} INFO - Running <TaskInstance: demo.airflow scheduled__2023-08-29T00:00:00+00:00 [running]> on host 43f0f000eee2
[2023-10-11T02:08:43.554+0000] {taskinstance.py:1518} INFO - Exporting the following env vars:
AIRFLOW_CTX_DAG_OWNER=***
AIRFLOW_CTX_DAG_ID=demo
AIRFLOW_CTX_TASK_ID=***
AIRFLOW_CTX_EXECUTION_DATE=2023-08-29T00:00:00+00:00
AIRFLOW_CTX_TRY_NUMBER=1
AIRFLOW_CTX_DAG_RUN_ID=scheduled__2023-08-29T00:00:00+00:00
[2023-10-11T02:08:43.560+0000] {logging_mixin.py:137} INFO - ***
[2023-10-11T02:08:43.561+0000] {python.py:177} INFO - Done. Returned value was: None
[2023-10-11T02:08:43.604+0000] {taskinstance.py:1332} INFO - Marking task as SUCCESS. dag_id=demo, task_id=***, execution_date=20230829T000000, start_date=20231011T020842, end_date=20231011T020843
[2023-10-11T02:08:43.652+0000] {local_task_job.py:212} INFO - Task exited with return code 0
[2023-10-11T02:08:43.681+0000] {taskinstance.py:2596} INFO - 0 downstream tasks scheduled from follow-on schedule check
