[2023-10-11T02:04:58.080+0000] {taskinstance.py:1090} INFO - Dependencies all met for dep_context=non-requeueable deps ti=<TaskInstance: demo.hello scheduled__2022-10-25T00:00:00+00:00 [queued]>
[2023-10-11T02:04:58.129+0000] {taskinstance.py:1090} INFO - Dependencies all met for dep_context=requeueable deps ti=<TaskInstance: demo.hello scheduled__2022-10-25T00:00:00+00:00 [queued]>
[2023-10-11T02:04:58.129+0000] {taskinstance.py:1288} INFO - 
--------------------------------------------------------------------------------
[2023-10-11T02:04:58.137+0000] {taskinstance.py:1289} INFO - Starting attempt 1 of 1
[2023-10-11T02:04:58.138+0000] {taskinstance.py:1290} INFO - 
--------------------------------------------------------------------------------
[2023-10-11T02:04:58.201+0000] {taskinstance.py:1309} INFO - Executing <Task(BashOperator): hello> on 2022-10-25 00:00:00+00:00
[2023-10-11T02:04:58.223+0000] {standard_task_runner.py:55} INFO - Started process 2206 to run task
[2023-10-11T02:04:58.262+0000] {standard_task_runner.py:82} INFO - Running: ['***', 'tasks', 'run', 'demo', 'hello', 'scheduled__2022-10-25T00:00:00+00:00', '--job-id', '589', '--raw', '--subdir', 'DAGS_FOLDER/***_demo.py', '--cfg-path', '/tmp/tmpxl9no8zx']
[2023-10-11T02:04:58.267+0000] {standard_task_runner.py:83} INFO - Job 589: Subtask hello
[2023-10-11T02:04:58.508+0000] {task_command.py:389} INFO - Running <TaskInstance: demo.hello scheduled__2022-10-25T00:00:00+00:00 [running]> on host 43f0f000eee2
[2023-10-11T02:04:58.787+0000] {taskinstance.py:1518} INFO - Exporting the following env vars:
AIRFLOW_CTX_DAG_OWNER=***
AIRFLOW_CTX_DAG_ID=demo
AIRFLOW_CTX_TASK_ID=hello
AIRFLOW_CTX_EXECUTION_DATE=2022-10-25T00:00:00+00:00
AIRFLOW_CTX_TRY_NUMBER=1
AIRFLOW_CTX_DAG_RUN_ID=scheduled__2022-10-25T00:00:00+00:00
[2023-10-11T02:04:58.788+0000] {subprocess.py:63} INFO - Tmp dir root location: 
 /tmp
[2023-10-11T02:04:58.790+0000] {subprocess.py:75} INFO - Running command: ['/bin/bash', '-c', 'echo hello']
[2023-10-11T02:04:58.833+0000] {subprocess.py:86} INFO - Output:
[2023-10-11T02:04:58.859+0000] {subprocess.py:93} INFO - hello
[2023-10-11T02:04:58.873+0000] {subprocess.py:97} INFO - Command exited with return code 0
[2023-10-11T02:04:58.934+0000] {taskinstance.py:1332} INFO - Marking task as SUCCESS. dag_id=demo, task_id=hello, execution_date=20221025T000000, start_date=20231011T020458, end_date=20231011T020458
[2023-10-11T02:04:59.001+0000] {local_task_job.py:212} INFO - Task exited with return code 0
[2023-10-11T02:04:59.065+0000] {taskinstance.py:2596} INFO - 1 downstream tasks scheduled from follow-on schedule check
