[2023-10-11T02:08:31.163+0000] {taskinstance.py:1090} INFO - Dependencies all met for dep_context=non-requeueable deps ti=<TaskInstance: demo.airflow scheduled__2023-08-11T00:00:00+00:00 [queued]>
[2023-10-11T02:08:31.217+0000] {taskinstance.py:1090} INFO - Dependencies all met for dep_context=requeueable deps ti=<TaskInstance: demo.airflow scheduled__2023-08-11T00:00:00+00:00 [queued]>
[2023-10-11T02:08:31.218+0000] {taskinstance.py:1288} INFO - 
--------------------------------------------------------------------------------
[2023-10-11T02:08:31.218+0000] {taskinstance.py:1289} INFO - Starting attempt 1 of 1
[2023-10-11T02:08:31.220+0000] {taskinstance.py:1290} INFO - 
--------------------------------------------------------------------------------
[2023-10-11T02:08:31.299+0000] {taskinstance.py:1309} INFO - Executing <Task(_PythonDecoratedOperator): airflow> on 2023-08-11 00:00:00+00:00
[2023-10-11T02:08:31.311+0000] {standard_task_runner.py:55} INFO - Started process 4390 to run task
[2023-10-11T02:08:31.350+0000] {standard_task_runner.py:82} INFO - Running: ['***', 'tasks', 'run', 'demo', '***', 'scheduled__2023-08-11T00:00:00+00:00', '--job-id', '1192', '--raw', '--subdir', 'DAGS_FOLDER/***_demo.py', '--cfg-path', '/tmp/tmpu8ogdlh0']
[2023-10-11T02:08:31.365+0000] {standard_task_runner.py:83} INFO - Job 1192: Subtask ***
[2023-10-11T02:08:31.581+0000] {task_command.py:389} INFO - Running <TaskInstance: demo.airflow scheduled__2023-08-11T00:00:00+00:00 [running]> on host 43f0f000eee2
[2023-10-11T02:08:31.845+0000] {taskinstance.py:1518} INFO - Exporting the following env vars:
AIRFLOW_CTX_DAG_OWNER=***
AIRFLOW_CTX_DAG_ID=demo
AIRFLOW_CTX_TASK_ID=***
AIRFLOW_CTX_EXECUTION_DATE=2023-08-11T00:00:00+00:00
AIRFLOW_CTX_TRY_NUMBER=1
AIRFLOW_CTX_DAG_RUN_ID=scheduled__2023-08-11T00:00:00+00:00
[2023-10-11T02:08:31.849+0000] {logging_mixin.py:137} INFO - ***
[2023-10-11T02:08:31.849+0000] {python.py:177} INFO - Done. Returned value was: None
[2023-10-11T02:08:31.900+0000] {taskinstance.py:1332} INFO - Marking task as SUCCESS. dag_id=demo, task_id=***, execution_date=20230811T000000, start_date=20231011T020831, end_date=20231011T020831
[2023-10-11T02:08:31.968+0000] {local_task_job.py:212} INFO - Task exited with return code 0
[2023-10-11T02:08:31.999+0000] {taskinstance.py:2596} INFO - 0 downstream tasks scheduled from follow-on schedule check
