[2023-10-11T02:05:25.298+0000] {taskinstance.py:1090} INFO - Dependencies all met for dep_context=non-requeueable deps ti=<TaskInstance: demo.airflow scheduled__2022-11-17T00:00:00+00:00 [queued]>
[2023-10-11T02:05:25.324+0000] {taskinstance.py:1090} INFO - Dependencies all met for dep_context=requeueable deps ti=<TaskInstance: demo.airflow scheduled__2022-11-17T00:00:00+00:00 [queued]>
[2023-10-11T02:05:25.325+0000] {taskinstance.py:1288} INFO - 
--------------------------------------------------------------------------------
[2023-10-11T02:05:25.327+0000] {taskinstance.py:1289} INFO - Starting attempt 1 of 1
[2023-10-11T02:05:25.327+0000] {taskinstance.py:1290} INFO - 
--------------------------------------------------------------------------------
[2023-10-11T02:05:25.412+0000] {taskinstance.py:1309} INFO - Executing <Task(_PythonDecoratedOperator): airflow> on 2022-11-17 00:00:00+00:00
[2023-10-11T02:05:25.435+0000] {standard_task_runner.py:55} INFO - Started process 2456 to run task
[2023-10-11T02:05:25.466+0000] {standard_task_runner.py:82} INFO - Running: ['***', 'tasks', 'run', 'demo', '***', 'scheduled__2022-11-17T00:00:00+00:00', '--job-id', '660', '--raw', '--subdir', 'DAGS_FOLDER/***_demo.py', '--cfg-path', '/tmp/tmp5yboc62n']
[2023-10-11T02:05:25.492+0000] {standard_task_runner.py:83} INFO - Job 660: Subtask ***
[2023-10-11T02:05:25.688+0000] {task_command.py:389} INFO - Running <TaskInstance: demo.airflow scheduled__2022-11-17T00:00:00+00:00 [running]> on host 43f0f000eee2
[2023-10-11T02:05:26.015+0000] {taskinstance.py:1518} INFO - Exporting the following env vars:
AIRFLOW_CTX_DAG_OWNER=***
AIRFLOW_CTX_DAG_ID=demo
AIRFLOW_CTX_TASK_ID=***
AIRFLOW_CTX_EXECUTION_DATE=2022-11-17T00:00:00+00:00
AIRFLOW_CTX_TRY_NUMBER=1
AIRFLOW_CTX_DAG_RUN_ID=scheduled__2022-11-17T00:00:00+00:00
[2023-10-11T02:05:26.016+0000] {logging_mixin.py:137} INFO - ***
[2023-10-11T02:05:26.016+0000] {python.py:177} INFO - Done. Returned value was: None
[2023-10-11T02:05:26.049+0000] {taskinstance.py:1332} INFO - Marking task as SUCCESS. dag_id=demo, task_id=***, execution_date=20221117T000000, start_date=20231011T020525, end_date=20231011T020526
[2023-10-11T02:05:26.108+0000] {local_task_job.py:212} INFO - Task exited with return code 0
[2023-10-11T02:05:26.130+0000] {taskinstance.py:2596} INFO - 0 downstream tasks scheduled from follow-on schedule check
