[2023-10-11T02:05:47.693+0000] {taskinstance.py:1090} INFO - Dependencies all met for dep_context=non-requeueable deps ti=<TaskInstance: demo.hello scheduled__2023-01-01T00:00:00+00:00 [queued]>
[2023-10-11T02:05:47.726+0000] {taskinstance.py:1090} INFO - Dependencies all met for dep_context=requeueable deps ti=<TaskInstance: demo.hello scheduled__2023-01-01T00:00:00+00:00 [queued]>
[2023-10-11T02:05:47.727+0000] {taskinstance.py:1288} INFO - 
--------------------------------------------------------------------------------
[2023-10-11T02:05:47.728+0000] {taskinstance.py:1289} INFO - Starting attempt 1 of 1
[2023-10-11T02:05:47.729+0000] {taskinstance.py:1290} INFO - 
--------------------------------------------------------------------------------
[2023-10-11T02:05:47.786+0000] {taskinstance.py:1309} INFO - Executing <Task(BashOperator): hello> on 2023-01-01 00:00:00+00:00
[2023-10-11T02:05:47.789+0000] {standard_task_runner.py:55} INFO - Started process 2692 to run task
[2023-10-11T02:05:47.809+0000] {standard_task_runner.py:82} INFO - Running: ['***', 'tasks', 'run', 'demo', 'hello', 'scheduled__2023-01-01T00:00:00+00:00', '--job-id', '727', '--raw', '--subdir', 'DAGS_FOLDER/***_demo.py', '--cfg-path', '/tmp/tmpo_eth5vl']
[2023-10-11T02:05:47.815+0000] {standard_task_runner.py:83} INFO - Job 727: Subtask hello
[2023-10-11T02:05:47.981+0000] {task_command.py:389} INFO - Running <TaskInstance: demo.hello scheduled__2023-01-01T00:00:00+00:00 [running]> on host 43f0f000eee2
[2023-10-11T02:05:48.127+0000] {taskinstance.py:1518} INFO - Exporting the following env vars:
AIRFLOW_CTX_DAG_OWNER=***
AIRFLOW_CTX_DAG_ID=demo
AIRFLOW_CTX_TASK_ID=hello
AIRFLOW_CTX_EXECUTION_DATE=2023-01-01T00:00:00+00:00
AIRFLOW_CTX_TRY_NUMBER=1
AIRFLOW_CTX_DAG_RUN_ID=scheduled__2023-01-01T00:00:00+00:00
[2023-10-11T02:05:48.128+0000] {subprocess.py:63} INFO - Tmp dir root location: 
 /tmp
[2023-10-11T02:05:48.129+0000] {subprocess.py:75} INFO - Running command: ['/bin/bash', '-c', 'echo hello']
[2023-10-11T02:05:48.139+0000] {subprocess.py:86} INFO - Output:
[2023-10-11T02:05:48.141+0000] {subprocess.py:93} INFO - hello
[2023-10-11T02:05:48.142+0000] {subprocess.py:97} INFO - Command exited with return code 0
[2023-10-11T02:05:48.170+0000] {taskinstance.py:1332} INFO - Marking task as SUCCESS. dag_id=demo, task_id=hello, execution_date=20230101T000000, start_date=20231011T020547, end_date=20231011T020548
[2023-10-11T02:05:48.224+0000] {local_task_job.py:212} INFO - Task exited with return code 0
[2023-10-11T02:05:48.270+0000] {taskinstance.py:2596} INFO - 1 downstream tasks scheduled from follow-on schedule check
