[2023-10-11T02:09:00.115+0000] {taskinstance.py:1090} INFO - Dependencies all met for dep_context=non-requeueable deps ti=<TaskInstance: demo.airflow scheduled__2023-09-26T00:00:00+00:00 [queued]>
[2023-10-11T02:09:00.124+0000] {taskinstance.py:1090} INFO - Dependencies all met for dep_context=requeueable deps ti=<TaskInstance: demo.airflow scheduled__2023-09-26T00:00:00+00:00 [queued]>
[2023-10-11T02:09:00.126+0000] {taskinstance.py:1288} INFO - 
--------------------------------------------------------------------------------
[2023-10-11T02:09:00.126+0000] {taskinstance.py:1289} INFO - Starting attempt 1 of 1
[2023-10-11T02:09:00.127+0000] {taskinstance.py:1290} INFO - 
--------------------------------------------------------------------------------
[2023-10-11T02:09:00.157+0000] {taskinstance.py:1309} INFO - Executing <Task(_PythonDecoratedOperator): airflow> on 2023-09-26 00:00:00+00:00
[2023-10-11T02:09:00.165+0000] {standard_task_runner.py:55} INFO - Started process 4669 to run task
[2023-10-11T02:09:00.176+0000] {standard_task_runner.py:82} INFO - Running: ['***', 'tasks', 'run', 'demo', '***', 'scheduled__2023-09-26T00:00:00+00:00', '--job-id', '1276', '--raw', '--subdir', 'DAGS_FOLDER/***_demo.py', '--cfg-path', '/tmp/tmpi0syu56n']
[2023-10-11T02:09:00.181+0000] {standard_task_runner.py:83} INFO - Job 1276: Subtask ***
[2023-10-11T02:09:00.293+0000] {task_command.py:389} INFO - Running <TaskInstance: demo.airflow scheduled__2023-09-26T00:00:00+00:00 [running]> on host 43f0f000eee2
[2023-10-11T02:09:00.394+0000] {taskinstance.py:1518} INFO - Exporting the following env vars:
AIRFLOW_CTX_DAG_OWNER=***
AIRFLOW_CTX_DAG_ID=demo
AIRFLOW_CTX_TASK_ID=***
AIRFLOW_CTX_EXECUTION_DATE=2023-09-26T00:00:00+00:00
AIRFLOW_CTX_TRY_NUMBER=1
AIRFLOW_CTX_DAG_RUN_ID=scheduled__2023-09-26T00:00:00+00:00
[2023-10-11T02:09:00.395+0000] {logging_mixin.py:137} INFO - ***
[2023-10-11T02:09:00.396+0000] {python.py:177} INFO - Done. Returned value was: None
[2023-10-11T02:09:00.405+0000] {taskinstance.py:1332} INFO - Marking task as SUCCESS. dag_id=demo, task_id=***, execution_date=20230926T000000, start_date=20231011T020900, end_date=20231011T020900
[2023-10-11T02:09:00.468+0000] {local_task_job.py:212} INFO - Task exited with return code 0
[2023-10-11T02:09:00.500+0000] {taskinstance.py:2596} INFO - 0 downstream tasks scheduled from follow-on schedule check
