[2023-10-11T02:05:26.873+0000] {taskinstance.py:1090} INFO - Dependencies all met for dep_context=non-requeueable deps ti=<TaskInstance: demo.airflow scheduled__2022-11-24T00:00:00+00:00 [queued]>
[2023-10-11T02:05:26.918+0000] {taskinstance.py:1090} INFO - Dependencies all met for dep_context=requeueable deps ti=<TaskInstance: demo.airflow scheduled__2022-11-24T00:00:00+00:00 [queued]>
[2023-10-11T02:05:26.919+0000] {taskinstance.py:1288} INFO - 
--------------------------------------------------------------------------------
[2023-10-11T02:05:26.919+0000] {taskinstance.py:1289} INFO - Starting attempt 1 of 1
[2023-10-11T02:05:26.920+0000] {taskinstance.py:1290} INFO - 
--------------------------------------------------------------------------------
[2023-10-11T02:05:26.985+0000] {taskinstance.py:1309} INFO - Executing <Task(_PythonDecoratedOperator): airflow> on 2022-11-24 00:00:00+00:00
[2023-10-11T02:05:26.989+0000] {standard_task_runner.py:55} INFO - Started process 2480 to run task
[2023-10-11T02:05:27.008+0000] {standard_task_runner.py:82} INFO - Running: ['***', 'tasks', 'run', 'demo', '***', 'scheduled__2022-11-24T00:00:00+00:00', '--job-id', '666', '--raw', '--subdir', 'DAGS_FOLDER/***_demo.py', '--cfg-path', '/tmp/tmpeagll_ui']
[2023-10-11T02:05:27.010+0000] {standard_task_runner.py:83} INFO - Job 666: Subtask ***
[2023-10-11T02:05:27.166+0000] {task_command.py:389} INFO - Running <TaskInstance: demo.airflow scheduled__2022-11-24T00:00:00+00:00 [running]> on host 43f0f000eee2
[2023-10-11T02:05:27.322+0000] {taskinstance.py:1518} INFO - Exporting the following env vars:
AIRFLOW_CTX_DAG_OWNER=***
AIRFLOW_CTX_DAG_ID=demo
AIRFLOW_CTX_TASK_ID=***
AIRFLOW_CTX_EXECUTION_DATE=2022-11-24T00:00:00+00:00
AIRFLOW_CTX_TRY_NUMBER=1
AIRFLOW_CTX_DAG_RUN_ID=scheduled__2022-11-24T00:00:00+00:00
[2023-10-11T02:05:27.323+0000] {logging_mixin.py:137} INFO - ***
[2023-10-11T02:05:27.323+0000] {python.py:177} INFO - Done. Returned value was: None
[2023-10-11T02:05:27.341+0000] {taskinstance.py:1332} INFO - Marking task as SUCCESS. dag_id=demo, task_id=***, execution_date=20221124T000000, start_date=20231011T020526, end_date=20231011T020527
[2023-10-11T02:05:27.365+0000] {local_task_job.py:212} INFO - Task exited with return code 0
[2023-10-11T02:05:27.384+0000] {taskinstance.py:2596} INFO - 0 downstream tasks scheduled from follow-on schedule check
