[2023-10-11T02:07:00.075+0000] {taskinstance.py:1090} INFO - Dependencies all met for dep_context=non-requeueable deps ti=<TaskInstance: demo.airflow scheduled__2023-04-08T00:00:00+00:00 [queued]>
[2023-10-11T02:07:00.114+0000] {taskinstance.py:1090} INFO - Dependencies all met for dep_context=requeueable deps ti=<TaskInstance: demo.airflow scheduled__2023-04-08T00:00:00+00:00 [queued]>
[2023-10-11T02:07:00.115+0000] {taskinstance.py:1288} INFO - 
--------------------------------------------------------------------------------
[2023-10-11T02:07:00.115+0000] {taskinstance.py:1289} INFO - Starting attempt 1 of 1
[2023-10-11T02:07:00.116+0000] {taskinstance.py:1290} INFO - 
--------------------------------------------------------------------------------
[2023-10-11T02:07:00.184+0000] {taskinstance.py:1309} INFO - Executing <Task(_PythonDecoratedOperator): airflow> on 2023-04-08 00:00:00+00:00
[2023-10-11T02:07:00.187+0000] {standard_task_runner.py:55} INFO - Started process 3478 to run task
[2023-10-11T02:07:00.229+0000] {standard_task_runner.py:82} INFO - Running: ['***', 'tasks', 'run', 'demo', '***', 'scheduled__2023-04-08T00:00:00+00:00', '--job-id', '944', '--raw', '--subdir', 'DAGS_FOLDER/***_demo.py', '--cfg-path', '/tmp/tmpwhaeakez']
[2023-10-11T02:07:00.238+0000] {standard_task_runner.py:83} INFO - Job 944: Subtask ***
[2023-10-11T02:07:00.360+0000] {task_command.py:389} INFO - Running <TaskInstance: demo.airflow scheduled__2023-04-08T00:00:00+00:00 [running]> on host 43f0f000eee2
[2023-10-11T02:07:00.548+0000] {taskinstance.py:1518} INFO - Exporting the following env vars:
AIRFLOW_CTX_DAG_OWNER=***
AIRFLOW_CTX_DAG_ID=demo
AIRFLOW_CTX_TASK_ID=***
AIRFLOW_CTX_EXECUTION_DATE=2023-04-08T00:00:00+00:00
AIRFLOW_CTX_TRY_NUMBER=1
AIRFLOW_CTX_DAG_RUN_ID=scheduled__2023-04-08T00:00:00+00:00
[2023-10-11T02:07:00.553+0000] {logging_mixin.py:137} INFO - ***
[2023-10-11T02:07:00.553+0000] {python.py:177} INFO - Done. Returned value was: None
[2023-10-11T02:07:00.582+0000] {taskinstance.py:1332} INFO - Marking task as SUCCESS. dag_id=demo, task_id=***, execution_date=20230408T000000, start_date=20231011T020700, end_date=20231011T020700
[2023-10-11T02:07:00.654+0000] {local_task_job.py:212} INFO - Task exited with return code 0
[2023-10-11T02:07:00.675+0000] {taskinstance.py:2596} INFO - 0 downstream tasks scheduled from follow-on schedule check
