[2023-10-11T02:03:25.292+0000] {taskinstance.py:1090} INFO - Dependencies all met for dep_context=non-requeueable deps ti=<TaskInstance: demo.hello scheduled__2022-06-08T00:00:00+00:00 [queued]>
[2023-10-11T02:03:25.325+0000] {taskinstance.py:1090} INFO - Dependencies all met for dep_context=requeueable deps ti=<TaskInstance: demo.hello scheduled__2022-06-08T00:00:00+00:00 [queued]>
[2023-10-11T02:03:25.326+0000] {taskinstance.py:1288} INFO - 
--------------------------------------------------------------------------------
[2023-10-11T02:03:25.326+0000] {taskinstance.py:1289} INFO - Starting attempt 1 of 1
[2023-10-11T02:03:25.326+0000] {taskinstance.py:1290} INFO - 
--------------------------------------------------------------------------------
[2023-10-11T02:03:25.353+0000] {taskinstance.py:1309} INFO - Executing <Task(BashOperator): hello> on 2022-06-08 00:00:00+00:00
[2023-10-11T02:03:25.362+0000] {standard_task_runner.py:55} INFO - Started process 1226 to run task
[2023-10-11T02:03:25.382+0000] {standard_task_runner.py:82} INFO - Running: ['***', 'tasks', 'run', 'demo', 'hello', 'scheduled__2022-06-08T00:00:00+00:00', '--job-id', '323', '--raw', '--subdir', 'DAGS_FOLDER/***_demo.py', '--cfg-path', '/tmp/tmpctuz4p_o']
[2023-10-11T02:03:25.413+0000] {standard_task_runner.py:83} INFO - Job 323: Subtask hello
[2023-10-11T02:03:25.529+0000] {task_command.py:389} INFO - Running <TaskInstance: demo.hello scheduled__2022-06-08T00:00:00+00:00 [running]> on host 43f0f000eee2
[2023-10-11T02:03:25.667+0000] {taskinstance.py:1518} INFO - Exporting the following env vars:
AIRFLOW_CTX_DAG_OWNER=***
AIRFLOW_CTX_DAG_ID=demo
AIRFLOW_CTX_TASK_ID=hello
AIRFLOW_CTX_EXECUTION_DATE=2022-06-08T00:00:00+00:00
AIRFLOW_CTX_TRY_NUMBER=1
AIRFLOW_CTX_DAG_RUN_ID=scheduled__2022-06-08T00:00:00+00:00
[2023-10-11T02:03:25.669+0000] {subprocess.py:63} INFO - Tmp dir root location: 
 /tmp
[2023-10-11T02:03:25.669+0000] {subprocess.py:75} INFO - Running command: ['/bin/bash', '-c', 'echo hello']
[2023-10-11T02:03:25.718+0000] {subprocess.py:86} INFO - Output:
[2023-10-11T02:03:25.723+0000] {subprocess.py:93} INFO - hello
[2023-10-11T02:03:25.729+0000] {subprocess.py:97} INFO - Command exited with return code 0
[2023-10-11T02:03:25.760+0000] {taskinstance.py:1332} INFO - Marking task as SUCCESS. dag_id=demo, task_id=hello, execution_date=20220608T000000, start_date=20231011T020325, end_date=20231011T020325
[2023-10-11T02:03:25.832+0000] {local_task_job.py:212} INFO - Task exited with return code 0
[2023-10-11T02:03:25.872+0000] {taskinstance.py:2596} INFO - 1 downstream tasks scheduled from follow-on schedule check
