[2023-10-11T02:07:35.317+0000] {taskinstance.py:1090} INFO - Dependencies all met for dep_context=non-requeueable deps ti=<TaskInstance: demo.airflow scheduled__2023-05-24T00:00:00+00:00 [queued]>
[2023-10-11T02:07:35.358+0000] {taskinstance.py:1090} INFO - Dependencies all met for dep_context=requeueable deps ti=<TaskInstance: demo.airflow scheduled__2023-05-24T00:00:00+00:00 [queued]>
[2023-10-11T02:07:35.358+0000] {taskinstance.py:1288} INFO - 
--------------------------------------------------------------------------------
[2023-10-11T02:07:35.359+0000] {taskinstance.py:1289} INFO - Starting attempt 1 of 1
[2023-10-11T02:07:35.359+0000] {taskinstance.py:1290} INFO - 
--------------------------------------------------------------------------------
[2023-10-11T02:07:35.432+0000] {taskinstance.py:1309} INFO - Executing <Task(_PythonDecoratedOperator): airflow> on 2023-05-24 00:00:00+00:00
[2023-10-11T02:07:35.443+0000] {standard_task_runner.py:55} INFO - Started process 3818 to run task
[2023-10-11T02:07:35.461+0000] {standard_task_runner.py:82} INFO - Running: ['***', 'tasks', 'run', 'demo', '***', 'scheduled__2023-05-24T00:00:00+00:00', '--job-id', '1037', '--raw', '--subdir', 'DAGS_FOLDER/***_demo.py', '--cfg-path', '/tmp/tmplds9bg18']
[2023-10-11T02:07:35.471+0000] {standard_task_runner.py:83} INFO - Job 1037: Subtask ***
[2023-10-11T02:07:35.639+0000] {task_command.py:389} INFO - Running <TaskInstance: demo.airflow scheduled__2023-05-24T00:00:00+00:00 [running]> on host 43f0f000eee2
[2023-10-11T02:07:35.935+0000] {taskinstance.py:1518} INFO - Exporting the following env vars:
AIRFLOW_CTX_DAG_OWNER=***
AIRFLOW_CTX_DAG_ID=demo
AIRFLOW_CTX_TASK_ID=***
AIRFLOW_CTX_EXECUTION_DATE=2023-05-24T00:00:00+00:00
AIRFLOW_CTX_TRY_NUMBER=1
AIRFLOW_CTX_DAG_RUN_ID=scheduled__2023-05-24T00:00:00+00:00
[2023-10-11T02:07:35.939+0000] {logging_mixin.py:137} INFO - ***
[2023-10-11T02:07:35.939+0000] {python.py:177} INFO - Done. Returned value was: None
[2023-10-11T02:07:35.982+0000] {taskinstance.py:1332} INFO - Marking task as SUCCESS. dag_id=demo, task_id=***, execution_date=20230524T000000, start_date=20231011T020735, end_date=20231011T020735
[2023-10-11T02:07:36.069+0000] {local_task_job.py:212} INFO - Task exited with return code 0
[2023-10-11T02:07:36.088+0000] {taskinstance.py:2596} INFO - 0 downstream tasks scheduled from follow-on schedule check
