[2023-10-11T02:06:04.618+0000] {taskinstance.py:1090} INFO - Dependencies all met for dep_context=non-requeueable deps ti=<TaskInstance: demo.hello scheduled__2023-01-24T00:00:00+00:00 [queued]>
[2023-10-11T02:06:04.656+0000] {taskinstance.py:1090} INFO - Dependencies all met for dep_context=requeueable deps ti=<TaskInstance: demo.hello scheduled__2023-01-24T00:00:00+00:00 [queued]>
[2023-10-11T02:06:04.657+0000] {taskinstance.py:1288} INFO - 
--------------------------------------------------------------------------------
[2023-10-11T02:06:04.657+0000] {taskinstance.py:1289} INFO - Starting attempt 1 of 1
[2023-10-11T02:06:04.657+0000] {taskinstance.py:1290} INFO - 
--------------------------------------------------------------------------------
[2023-10-11T02:06:04.703+0000] {taskinstance.py:1309} INFO - Executing <Task(BashOperator): hello> on 2023-01-24 00:00:00+00:00
[2023-10-11T02:06:04.715+0000] {standard_task_runner.py:55} INFO - Started process 2883 to run task
[2023-10-11T02:06:04.729+0000] {standard_task_runner.py:82} INFO - Running: ['***', 'tasks', 'run', 'demo', 'hello', 'scheduled__2023-01-24T00:00:00+00:00', '--job-id', '778', '--raw', '--subdir', 'DAGS_FOLDER/***_demo.py', '--cfg-path', '/tmp/tmpyoao4e86']
[2023-10-11T02:06:04.744+0000] {standard_task_runner.py:83} INFO - Job 778: Subtask hello
[2023-10-11T02:06:04.921+0000] {task_command.py:389} INFO - Running <TaskInstance: demo.hello scheduled__2023-01-24T00:00:00+00:00 [running]> on host 43f0f000eee2
[2023-10-11T02:06:05.154+0000] {taskinstance.py:1518} INFO - Exporting the following env vars:
AIRFLOW_CTX_DAG_OWNER=***
AIRFLOW_CTX_DAG_ID=demo
AIRFLOW_CTX_TASK_ID=hello
AIRFLOW_CTX_EXECUTION_DATE=2023-01-24T00:00:00+00:00
AIRFLOW_CTX_TRY_NUMBER=1
AIRFLOW_CTX_DAG_RUN_ID=scheduled__2023-01-24T00:00:00+00:00
[2023-10-11T02:06:05.155+0000] {subprocess.py:63} INFO - Tmp dir root location: 
 /tmp
[2023-10-11T02:06:05.156+0000] {subprocess.py:75} INFO - Running command: ['/bin/bash', '-c', 'echo hello']
[2023-10-11T02:06:05.223+0000] {subprocess.py:86} INFO - Output:
[2023-10-11T02:06:05.238+0000] {subprocess.py:93} INFO - hello
[2023-10-11T02:06:05.239+0000] {subprocess.py:97} INFO - Command exited with return code 0
[2023-10-11T02:06:05.279+0000] {taskinstance.py:1332} INFO - Marking task as SUCCESS. dag_id=demo, task_id=hello, execution_date=20230124T000000, start_date=20231011T020604, end_date=20231011T020605
[2023-10-11T02:06:05.385+0000] {local_task_job.py:212} INFO - Task exited with return code 0
[2023-10-11T02:06:05.456+0000] {taskinstance.py:2596} INFO - 1 downstream tasks scheduled from follow-on schedule check
