[2023-10-11T02:08:18.921+0000] {taskinstance.py:1090} INFO - Dependencies all met for dep_context=non-requeueable deps ti=<TaskInstance: demo.hello scheduled__2023-08-06T00:00:00+00:00 [queued]>
[2023-10-11T02:08:18.963+0000] {taskinstance.py:1090} INFO - Dependencies all met for dep_context=requeueable deps ti=<TaskInstance: demo.hello scheduled__2023-08-06T00:00:00+00:00 [queued]>
[2023-10-11T02:08:18.964+0000] {taskinstance.py:1288} INFO - 
--------------------------------------------------------------------------------
[2023-10-11T02:08:18.964+0000] {taskinstance.py:1289} INFO - Starting attempt 1 of 1
[2023-10-11T02:08:18.964+0000] {taskinstance.py:1290} INFO - 
--------------------------------------------------------------------------------
[2023-10-11T02:08:19.073+0000] {taskinstance.py:1309} INFO - Executing <Task(BashOperator): hello> on 2023-08-06 00:00:00+00:00
[2023-10-11T02:08:19.094+0000] {standard_task_runner.py:55} INFO - Started process 4274 to run task
[2023-10-11T02:08:19.132+0000] {standard_task_runner.py:82} INFO - Running: ['***', 'tasks', 'run', 'demo', 'hello', 'scheduled__2023-08-06T00:00:00+00:00', '--job-id', '1163', '--raw', '--subdir', 'DAGS_FOLDER/***_demo.py', '--cfg-path', '/tmp/tmp5lzib4lv']
[2023-10-11T02:08:19.143+0000] {standard_task_runner.py:83} INFO - Job 1163: Subtask hello
[2023-10-11T02:08:19.383+0000] {task_command.py:389} INFO - Running <TaskInstance: demo.hello scheduled__2023-08-06T00:00:00+00:00 [running]> on host 43f0f000eee2
[2023-10-11T02:08:19.684+0000] {taskinstance.py:1518} INFO - Exporting the following env vars:
AIRFLOW_CTX_DAG_OWNER=***
AIRFLOW_CTX_DAG_ID=demo
AIRFLOW_CTX_TASK_ID=hello
AIRFLOW_CTX_EXECUTION_DATE=2023-08-06T00:00:00+00:00
AIRFLOW_CTX_TRY_NUMBER=1
AIRFLOW_CTX_DAG_RUN_ID=scheduled__2023-08-06T00:00:00+00:00
[2023-10-11T02:08:19.688+0000] {subprocess.py:63} INFO - Tmp dir root location: 
 /tmp
[2023-10-11T02:08:19.689+0000] {subprocess.py:75} INFO - Running command: ['/bin/bash', '-c', 'echo hello']
[2023-10-11T02:08:19.720+0000] {subprocess.py:86} INFO - Output:
[2023-10-11T02:08:19.725+0000] {subprocess.py:93} INFO - hello
[2023-10-11T02:08:19.726+0000] {subprocess.py:97} INFO - Command exited with return code 0
[2023-10-11T02:08:19.797+0000] {taskinstance.py:1332} INFO - Marking task as SUCCESS. dag_id=demo, task_id=hello, execution_date=20230806T000000, start_date=20231011T020818, end_date=20231011T020819
[2023-10-11T02:08:19.857+0000] {local_task_job.py:212} INFO - Task exited with return code 0
[2023-10-11T02:08:19.893+0000] {taskinstance.py:2596} INFO - 1 downstream tasks scheduled from follow-on schedule check
