[2023-10-11T02:03:30.708+0000] {taskinstance.py:1090} INFO - Dependencies all met for dep_context=non-requeueable deps ti=<TaskInstance: demo.airflow scheduled__2022-06-12T00:00:00+00:00 [queued]>
[2023-10-11T02:03:30.724+0000] {taskinstance.py:1090} INFO - Dependencies all met for dep_context=requeueable deps ti=<TaskInstance: demo.airflow scheduled__2022-06-12T00:00:00+00:00 [queued]>
[2023-10-11T02:03:30.726+0000] {taskinstance.py:1288} INFO - 
--------------------------------------------------------------------------------
[2023-10-11T02:03:30.726+0000] {taskinstance.py:1289} INFO - Starting attempt 1 of 1
[2023-10-11T02:03:30.727+0000] {taskinstance.py:1290} INFO - 
--------------------------------------------------------------------------------
[2023-10-11T02:03:30.769+0000] {taskinstance.py:1309} INFO - Executing <Task(_PythonDecoratedOperator): airflow> on 2022-06-12 00:00:00+00:00
[2023-10-11T02:03:30.788+0000] {standard_task_runner.py:55} INFO - Started process 1302 to run task
[2023-10-11T02:03:30.809+0000] {standard_task_runner.py:82} INFO - Running: ['***', 'tasks', 'run', 'demo', '***', 'scheduled__2022-06-12T00:00:00+00:00', '--job-id', '343', '--raw', '--subdir', 'DAGS_FOLDER/***_demo.py', '--cfg-path', '/tmp/tmpaf4j7559']
[2023-10-11T02:03:30.816+0000] {standard_task_runner.py:83} INFO - Job 343: Subtask ***
[2023-10-11T02:03:30.982+0000] {task_command.py:389} INFO - Running <TaskInstance: demo.airflow scheduled__2022-06-12T00:00:00+00:00 [running]> on host 43f0f000eee2
[2023-10-11T02:03:31.212+0000] {taskinstance.py:1518} INFO - Exporting the following env vars:
AIRFLOW_CTX_DAG_OWNER=***
AIRFLOW_CTX_DAG_ID=demo
AIRFLOW_CTX_TASK_ID=***
AIRFLOW_CTX_EXECUTION_DATE=2022-06-12T00:00:00+00:00
AIRFLOW_CTX_TRY_NUMBER=1
AIRFLOW_CTX_DAG_RUN_ID=scheduled__2022-06-12T00:00:00+00:00
[2023-10-11T02:03:31.214+0000] {logging_mixin.py:137} INFO - ***
[2023-10-11T02:03:31.214+0000] {python.py:177} INFO - Done. Returned value was: None
[2023-10-11T02:03:31.247+0000] {taskinstance.py:1332} INFO - Marking task as SUCCESS. dag_id=demo, task_id=***, execution_date=20220612T000000, start_date=20231011T020330, end_date=20231011T020331
[2023-10-11T02:03:31.324+0000] {local_task_job.py:212} INFO - Task exited with return code 0
[2023-10-11T02:03:31.361+0000] {taskinstance.py:2596} INFO - 0 downstream tasks scheduled from follow-on schedule check
