[2023-10-11T02:03:25.632+0000] {taskinstance.py:1090} INFO - Dependencies all met for dep_context=non-requeueable deps ti=<TaskInstance: demo.hello scheduled__2022-06-10T00:00:00+00:00 [queued]>
[2023-10-11T02:03:25.671+0000] {taskinstance.py:1090} INFO - Dependencies all met for dep_context=requeueable deps ti=<TaskInstance: demo.hello scheduled__2022-06-10T00:00:00+00:00 [queued]>
[2023-10-11T02:03:25.673+0000] {taskinstance.py:1288} INFO - 
--------------------------------------------------------------------------------
[2023-10-11T02:03:25.673+0000] {taskinstance.py:1289} INFO - Starting attempt 1 of 1
[2023-10-11T02:03:25.683+0000] {taskinstance.py:1290} INFO - 
--------------------------------------------------------------------------------
[2023-10-11T02:03:25.723+0000] {taskinstance.py:1309} INFO - Executing <Task(BashOperator): hello> on 2022-06-10 00:00:00+00:00
[2023-10-11T02:03:25.736+0000] {standard_task_runner.py:55} INFO - Started process 1232 to run task
[2023-10-11T02:03:25.752+0000] {standard_task_runner.py:82} INFO - Running: ['***', 'tasks', 'run', 'demo', 'hello', 'scheduled__2022-06-10T00:00:00+00:00', '--job-id', '325', '--raw', '--subdir', 'DAGS_FOLDER/***_demo.py', '--cfg-path', '/tmp/tmpip0q7ulx']
[2023-10-11T02:03:25.764+0000] {standard_task_runner.py:83} INFO - Job 325: Subtask hello
[2023-10-11T02:03:25.883+0000] {task_command.py:389} INFO - Running <TaskInstance: demo.hello scheduled__2022-06-10T00:00:00+00:00 [running]> on host 43f0f000eee2
[2023-10-11T02:03:26.019+0000] {taskinstance.py:1518} INFO - Exporting the following env vars:
AIRFLOW_CTX_DAG_OWNER=***
AIRFLOW_CTX_DAG_ID=demo
AIRFLOW_CTX_TASK_ID=hello
AIRFLOW_CTX_EXECUTION_DATE=2022-06-10T00:00:00+00:00
AIRFLOW_CTX_TRY_NUMBER=1
AIRFLOW_CTX_DAG_RUN_ID=scheduled__2022-06-10T00:00:00+00:00
[2023-10-11T02:03:26.021+0000] {subprocess.py:63} INFO - Tmp dir root location: 
 /tmp
[2023-10-11T02:03:26.022+0000] {subprocess.py:75} INFO - Running command: ['/bin/bash', '-c', 'echo hello']
[2023-10-11T02:03:26.046+0000] {subprocess.py:86} INFO - Output:
[2023-10-11T02:03:26.051+0000] {subprocess.py:93} INFO - hello
[2023-10-11T02:03:26.052+0000] {subprocess.py:97} INFO - Command exited with return code 0
[2023-10-11T02:03:26.100+0000] {taskinstance.py:1332} INFO - Marking task as SUCCESS. dag_id=demo, task_id=hello, execution_date=20220610T000000, start_date=20231011T020325, end_date=20231011T020326
[2023-10-11T02:03:26.156+0000] {local_task_job.py:212} INFO - Task exited with return code 0
[2023-10-11T02:03:26.189+0000] {taskinstance.py:2596} INFO - 1 downstream tasks scheduled from follow-on schedule check
