[2023-10-11T02:02:04.478+0000] {taskinstance.py:1090} INFO - Dependencies all met for dep_context=non-requeueable deps ti=<TaskInstance: demo.airflow scheduled__2022-02-09T00:00:00+00:00 [queued]>
[2023-10-11T02:02:04.508+0000] {taskinstance.py:1090} INFO - Dependencies all met for dep_context=requeueable deps ti=<TaskInstance: demo.airflow scheduled__2022-02-09T00:00:00+00:00 [queued]>
[2023-10-11T02:02:04.508+0000] {taskinstance.py:1288} INFO - 
--------------------------------------------------------------------------------
[2023-10-11T02:02:04.508+0000] {taskinstance.py:1289} INFO - Starting attempt 1 of 1
[2023-10-11T02:02:04.508+0000] {taskinstance.py:1290} INFO - 
--------------------------------------------------------------------------------
[2023-10-11T02:02:04.559+0000] {taskinstance.py:1309} INFO - Executing <Task(_PythonDecoratedOperator): airflow> on 2022-02-09 00:00:00+00:00
[2023-10-11T02:02:04.562+0000] {standard_task_runner.py:55} INFO - Started process 394 to run task
[2023-10-11T02:02:04.579+0000] {standard_task_runner.py:82} INFO - Running: ['***', 'tasks', 'run', 'demo', '***', 'scheduled__2022-02-09T00:00:00+00:00', '--job-id', '92', '--raw', '--subdir', 'DAGS_FOLDER/***_demo.py', '--cfg-path', '/tmp/tmpgfyzj8_k']
[2023-10-11T02:02:04.588+0000] {standard_task_runner.py:83} INFO - Job 92: Subtask ***
[2023-10-11T02:02:04.834+0000] {task_command.py:389} INFO - Running <TaskInstance: demo.airflow scheduled__2022-02-09T00:00:00+00:00 [running]> on host 43f0f000eee2
[2023-10-11T02:02:05.046+0000] {taskinstance.py:1518} INFO - Exporting the following env vars:
AIRFLOW_CTX_DAG_OWNER=***
AIRFLOW_CTX_DAG_ID=demo
AIRFLOW_CTX_TASK_ID=***
AIRFLOW_CTX_EXECUTION_DATE=2022-02-09T00:00:00+00:00
AIRFLOW_CTX_TRY_NUMBER=1
AIRFLOW_CTX_DAG_RUN_ID=scheduled__2022-02-09T00:00:00+00:00
[2023-10-11T02:02:05.047+0000] {logging_mixin.py:137} INFO - ***
[2023-10-11T02:02:05.047+0000] {python.py:177} INFO - Done. Returned value was: None
[2023-10-11T02:02:05.068+0000] {taskinstance.py:1332} INFO - Marking task as SUCCESS. dag_id=demo, task_id=***, execution_date=20220209T000000, start_date=20231011T020204, end_date=20231011T020205
[2023-10-11T02:02:05.159+0000] {local_task_job.py:212} INFO - Task exited with return code 0
[2023-10-11T02:02:05.194+0000] {taskinstance.py:2596} INFO - 0 downstream tasks scheduled from follow-on schedule check
