[2023-10-11T02:06:20.137+0000] {taskinstance.py:1090} INFO - Dependencies all met for dep_context=non-requeueable deps ti=<TaskInstance: demo.airflow scheduled__2023-02-15T00:00:00+00:00 [queued]>
[2023-10-11T02:06:20.170+0000] {taskinstance.py:1090} INFO - Dependencies all met for dep_context=requeueable deps ti=<TaskInstance: demo.airflow scheduled__2023-02-15T00:00:00+00:00 [queued]>
[2023-10-11T02:06:20.171+0000] {taskinstance.py:1288} INFO - 
--------------------------------------------------------------------------------
[2023-10-11T02:06:20.172+0000] {taskinstance.py:1289} INFO - Starting attempt 1 of 1
[2023-10-11T02:06:20.172+0000] {taskinstance.py:1290} INFO - 
--------------------------------------------------------------------------------
[2023-10-11T02:06:20.205+0000] {taskinstance.py:1309} INFO - Executing <Task(_PythonDecoratedOperator): airflow> on 2023-02-15 00:00:00+00:00
[2023-10-11T02:06:20.209+0000] {standard_task_runner.py:55} INFO - Started process 3063 to run task
[2023-10-11T02:06:20.220+0000] {standard_task_runner.py:82} INFO - Running: ['***', 'tasks', 'run', 'demo', '***', 'scheduled__2023-02-15T00:00:00+00:00', '--job-id', '832', '--raw', '--subdir', 'DAGS_FOLDER/***_demo.py', '--cfg-path', '/tmp/tmp1i7kcxe9']
[2023-10-11T02:06:20.226+0000] {standard_task_runner.py:83} INFO - Job 832: Subtask ***
[2023-10-11T02:06:20.381+0000] {task_command.py:389} INFO - Running <TaskInstance: demo.airflow scheduled__2023-02-15T00:00:00+00:00 [running]> on host 43f0f000eee2
[2023-10-11T02:06:20.572+0000] {taskinstance.py:1518} INFO - Exporting the following env vars:
AIRFLOW_CTX_DAG_OWNER=***
AIRFLOW_CTX_DAG_ID=demo
AIRFLOW_CTX_TASK_ID=***
AIRFLOW_CTX_EXECUTION_DATE=2023-02-15T00:00:00+00:00
AIRFLOW_CTX_TRY_NUMBER=1
AIRFLOW_CTX_DAG_RUN_ID=scheduled__2023-02-15T00:00:00+00:00
[2023-10-11T02:06:20.573+0000] {logging_mixin.py:137} INFO - ***
[2023-10-11T02:06:20.573+0000] {python.py:177} INFO - Done. Returned value was: None
[2023-10-11T02:06:20.583+0000] {taskinstance.py:1332} INFO - Marking task as SUCCESS. dag_id=demo, task_id=***, execution_date=20230215T000000, start_date=20231011T020620, end_date=20231011T020620
[2023-10-11T02:06:20.614+0000] {local_task_job.py:212} INFO - Task exited with return code 0
[2023-10-11T02:06:20.647+0000] {taskinstance.py:2596} INFO - 0 downstream tasks scheduled from follow-on schedule check
