[2023-10-11T04:31:49.862+0000] {taskinstance.py:1090} INFO - Dependencies all met for dep_context=non-requeueable deps ti=<TaskInstance: tutorial_taskflow_api.extract manual__2023-10-11T04:31:48.273583+00:00 [queued]>
[2023-10-11T04:31:49.868+0000] {taskinstance.py:1090} INFO - Dependencies all met for dep_context=requeueable deps ti=<TaskInstance: tutorial_taskflow_api.extract manual__2023-10-11T04:31:48.273583+00:00 [queued]>
[2023-10-11T04:31:49.868+0000] {taskinstance.py:1288} INFO - 
--------------------------------------------------------------------------------
[2023-10-11T04:31:49.868+0000] {taskinstance.py:1289} INFO - Starting attempt 1 of 1
[2023-10-11T04:31:49.869+0000] {taskinstance.py:1290} INFO - 
--------------------------------------------------------------------------------
[2023-10-11T04:31:49.881+0000] {taskinstance.py:1309} INFO - Executing <Task(_PythonDecoratedOperator): extract> on 2023-10-11 04:31:48.273583+00:00
[2023-10-11T04:31:49.885+0000] {standard_task_runner.py:55} INFO - Started process 90 to run task
[2023-10-11T04:31:49.888+0000] {standard_task_runner.py:82} INFO - Running: ['***', 'tasks', 'run', 'tutorial_taskflow_api', 'extract', 'manual__2023-10-11T04:31:48.273583+00:00', '--job-id', '1306', '--raw', '--subdir', '/home/***/.local/lib/python3.7/site-packages/***/example_dags/tutorial_taskflow_api.py', '--cfg-path', '/tmp/tmp_63snk4x']
[2023-10-11T04:31:49.890+0000] {standard_task_runner.py:83} INFO - Job 1306: Subtask extract
[2023-10-11T04:31:49.953+0000] {task_command.py:389} INFO - Running <TaskInstance: tutorial_taskflow_api.extract manual__2023-10-11T04:31:48.273583+00:00 [running]> on host 73f82146eeb0
[2023-10-11T04:31:50.015+0000] {taskinstance.py:1518} INFO - Exporting the following env vars:
AIRFLOW_CTX_DAG_OWNER=***
AIRFLOW_CTX_DAG_ID=tutorial_taskflow_api
AIRFLOW_CTX_TASK_ID=extract
AIRFLOW_CTX_EXECUTION_DATE=2023-10-11T04:31:48.273583+00:00
AIRFLOW_CTX_TRY_NUMBER=1
AIRFLOW_CTX_DAG_RUN_ID=manual__2023-10-11T04:31:48.273583+00:00
[2023-10-11T04:31:50.016+0000] {python.py:177} INFO - Done. Returned value was: {'1001': 301.27, '1002': 433.21, '1003': 502.22}
[2023-10-11T04:31:50.042+0000] {taskinstance.py:1332} INFO - Marking task as SUCCESS. dag_id=tutorial_taskflow_api, task_id=extract, execution_date=20231011T043148, start_date=20231011T043149, end_date=20231011T043150
[2023-10-11T04:31:50.061+0000] {local_task_job.py:212} INFO - Task exited with return code 0
[2023-10-11T04:31:50.084+0000] {taskinstance.py:2596} INFO - 1 downstream tasks scheduled from follow-on schedule check
